2026-04-29T23:30:00.658613+00:00 | user_registered | actor=7c35dd04-3818-4790-92d5-ad704d0f81f8 | target=7c35dd04-3818-4790-92d5-ad704d0f81f8 | email=test_2f3c97ca@example.com
2026-04-29T23:30:00.767883+00:00 | login_success | actor=7c35dd04-3818-4790-92d5-ad704d0f81f8 | target=7c35dd04-3818-4790-92d5-ad704d0f81f8 | email=test_2f3c97ca@example.com
2026-04-29T23:30:00.867036+00:00 | user_registered | actor=7e57691b-d135-4834-88e6-4828b831a6b7 | target=7e57691b-d135-4834-88e6-4828b831a6b7 | email=test_ba79a9d5@example.com
2026-04-29T23:30:01.061318+00:00 | user_registered | actor=3130440a-0f53-48ee-8fb8-c99b3057e914 | target=3130440a-0f53-48ee-8fb8-c99b3057e914 | email=test_1537450d@example.com
2026-04-29T23:30:01.125486+00:00 | login_success | actor=3130440a-0f53-48ee-8fb8-c99b3057e914 | target=3130440a-0f53-48ee-8fb8-c99b3057e914 | email=test_1537450d@example.com
2026-04-29T23:30:01.244691+00:00 | user_registered | actor=a2af8bb7-f117-4cf7-898e-df932ed0d40c | target=a2af8bb7-f117-4cf7-898e-df932ed0d40c | email=test_6d7a8141@example.com
2026-04-29T23:30:01.322920+00:00 | user_registered | actor=f7498aa7-0417-4e0c-9381-1f9ea0ebb77f | target=f7498aa7-0417-4e0c-9381-1f9ea0ebb77f | email=test_b9b260bf@example.com
2026-04-29T23:30:01.457352+00:00 | user_registered | actor=553be3b5-e521-4c33-92b2-0b6156811168 | target=553be3b5-e521-4c33-92b2-0b6156811168 | email=test_d08a8af9@example.com
2026-04-29T23:30:01.516416+00:00 | login_success | actor=553be3b5-e521-4c33-92b2-0b6156811168 | target=553be3b5-e521-4c33-92b2-0b6156811168 | email=test_d08a8af9@example.com
2026-04-29T23:30:01.594755+00:00 | user_registered | actor=cdf12989-224d-4d55-aa15-65ddf98a1950 | target=cdf12989-224d-4d55-aa15-65ddf98a1950 | email=user_621f881a@example.com
2026-04-29T23:30:01.683125+00:00 | user_registered | actor=1ea368d4-c0cf-468d-8c58-8e421c255ede | target=1ea368d4-c0cf-468d-8c58-8e421c255ede | email=test_c2d6436f@example.com
2026-04-29T23:30:01.739777+00:00 | login_success | actor=1ea368d4-c0cf-468d-8c58-8e421c255ede | target=1ea368d4-c0cf-468d-8c58-8e421c255ede | email=test_c2d6436f@example.com
2026-04-29T23:30:01.796088+00:00 | user_registered | actor=09419d53-f6ff-4946-878e-9ed9aac90fec | target=09419d53-f6ff-4946-878e-9ed9aac90fec | email=user_515b4278@example.com
2026-04-29T23:30:01.858570+00:00 | login_success | actor=09419d53-f6ff-4946-878e-9ed9aac90fec | target=09419d53-f6ff-4946-878e-9ed9aac90fec | email=user_515b4278@example.com
2026-04-29T23:30:01.930972+00:00 | user_registered | actor=50dd3ed8-dcbd-4ed4-b832-8bda5d57938b | target=50dd3ed8-dcbd-4ed4-b832-8bda5d57938b | email=test_2a04f4fd@example.com
2026-04-29T23:30:01.988206+00:00 | login_success | actor=50dd3ed8-dcbd-4ed4-b832-8bda5d57938b | target=50dd3ed8-dcbd-4ed4-b832-8bda5d57938b | email=test_2a04f4fd@example.com
2026-04-29T23:30:02.042445+00:00 | user_registered | actor=abe8d3c8-0f6a-4f3f-bd27-2d497a0a2498 | target=abe8d3c8-0f6a-4f3f-bd27-2d497a0a2498 | email=user_c4612fd4@example.com
2026-04-29T23:30:02.108914+00:00 | user_registered | actor=45d755a9-7e0d-42e2-a5da-d12bee41b30d | target=45d755a9-7e0d-42e2-a5da-d12bee41b30d | email=test_fcdff0fe@example.com
2026-04-29T23:30:02.162803+00:00 | login_success | actor=45d755a9-7e0d-42e2-a5da-d12bee41b30d | target=45d755a9-7e0d-42e2-a5da-d12bee41b30d | email=test_fcdff0fe@example.com
2026-04-29T23:30:02.223226+00:00 | user_registered | actor=22a9f213-0fef-4276-9662-dd2cac5312e6 | target=22a9f213-0fef-4276-9662-dd2cac5312e6 | email=user_60a33fcb@example.com
2026-04-29T23:30:02.293313+00:00 | user_registered | actor=5a986a59-6d51-4fd9-999a-0adf2bb89a16 | target=5a986a59-6d51-4fd9-999a-0adf2bb89a16 | email=test_b9961555@example.com
2026-04-29T23:30:02.350285+00:00 | login_success | actor=5a986a59-6d51-4fd9-999a-0adf2bb89a16 | target=5a986a59-6d51-4fd9-999a-0adf2bb89a16 | email=test_b9961555@example.com
2026-04-29T23:30:02.450383+00:00 | user_registered | actor=b6c62c2a-5bc5-4145-b15d-b6679ddcf69f | target=b6c62c2a-5bc5-4145-b15d-b6679ddcf69f | email=test_b8b29195@example.com
2026-04-29T23:30:02.520324+00:00 | login_success | actor=b6c62c2a-5bc5-4145-b15d-b6679ddcf69f | target=b6c62c2a-5bc5-4145-b15d-b6679ddcf69f | email=test_b8b29195@example.com
2026-04-29T23:30:02.586763+00:00 | user_registered | actor=50a69de0-020e-4ea5-8340-c09b744a5910 | target=50a69de0-020e-4ea5-8340-c09b744a5910 | email=user_4444cbef@example.com
2026-04-29T23:30:02.665308+00:00 | user_registered | actor=64ede318-1e47-4876-a6be-c5d08836c595 | target=64ede318-1e47-4876-a6be-c5d08836c595 | email=test_dabd01cf@example.com
2026-04-29T23:30:02.735407+00:00 | login_success | actor=64ede318-1e47-4876-a6be-c5d08836c595 | target=64ede318-1e47-4876-a6be-c5d08836c595 | email=test_dabd01cf@example.com
2026-04-29T23:30:02.807700+00:00 | user_registered | actor=b5e5b231-a21f-4f7e-a5e4-cedf6b4d3d95 | target=b5e5b231-a21f-4f7e-a5e4-cedf6b4d3d95 | email=user_5c8cbba6@example.com
2026-04-29T23:30:02.944402+00:00 | user_registered | actor=dd2c8d28-a168-4239-8ff7-b31b36f511e4 | target=dd2c8d28-a168-4239-8ff7-b31b36f511e4 | email=test_f9f7e978@example.com
2026-04-29T23:30:03.007117+00:00 | login_success | actor=dd2c8d28-a168-4239-8ff7-b31b36f511e4 | target=dd2c8d28-a168-4239-8ff7-b31b36f511e4 | email=test_f9f7e978@example.com
2026-04-29T23:30:03.073535+00:00 | user_registered | actor=41b6750b-ca8b-46ce-b90b-fa48120ded58 | target=41b6750b-ca8b-46ce-b90b-fa48120ded58 | email=user_2f42eebd@example.com
2026-04-29T23:30:03.151258+00:00 | user_registered | actor=191fb0e1-bfb2-447f-a865-05dc4b895c73 | target=191fb0e1-bfb2-447f-a865-05dc4b895c73 | email=test_f2e8a3d5@example.com
2026-04-29T23:30:03.216382+00:00 | login_success | actor=191fb0e1-bfb2-447f-a865-05dc4b895c73 | target=191fb0e1-bfb2-447f-a865-05dc4b895c73 | email=test_f2e8a3d5@example.com
2026-04-29T23:30:03.296556+00:00 | user_registered | actor=cd0342c2-4051-40fe-a297-efcedfbbb514 | target=cd0342c2-4051-40fe-a297-efcedfbbb514 | email=user_2776931e@example.com
2026-04-29T23:30:03.377776+00:00 | user_registered | actor=00f95d3d-c2ed-4225-9d3f-4bb4abaddd26 | target=00f95d3d-c2ed-4225-9d3f-4bb4abaddd26 | email=test_510c12bd@example.com
2026-04-29T23:30:03.437529+00:00 | login_success | actor=00f95d3d-c2ed-4225-9d3f-4bb4abaddd26 | target=00f95d3d-c2ed-4225-9d3f-4bb4abaddd26 | email=test_510c12bd@example.com
2026-04-29T23:30:03.500996+00:00 | user_registered | actor=4de5a077-f78a-4cd3-9dc8-d0b71dfcad8f | target=4de5a077-f78a-4cd3-9dc8-d0b71dfcad8f | email=user_bf3d2eff@example.com
2026-04-29T23:30:03.573914+00:00 | user_registered | actor=64200d8f-e3ad-4a1f-b67c-a1f044b08151 | target=64200d8f-e3ad-4a1f-b67c-a1f044b08151 | email=test_39b0c9ff@example.com
2026-04-29T23:30:03.634202+00:00 | login_success | actor=64200d8f-e3ad-4a1f-b67c-a1f044b08151 | target=64200d8f-e3ad-4a1f-b67c-a1f044b08151 | email=test_39b0c9ff@example.com
2026-04-29T23:30:03.718588+00:00 | user_registered | actor=f15af834-32da-4817-aabe-fb17c91de5f4 | target=f15af834-32da-4817-aabe-fb17c91de5f4 | email=test_9312ed27@example.com
2026-04-29T23:30:03.778440+00:00 | login_success | actor=f15af834-32da-4817-aabe-fb17c91de5f4 | target=f15af834-32da-4817-aabe-fb17c91de5f4 | email=test_9312ed27@example.com
2026-04-29T23:30:03.856781+00:00 | user_registered | actor=c79138b8-e8dc-4b23-afa9-d923af95d8d8 | target=c79138b8-e8dc-4b23-afa9-d923af95d8d8 | email=test_968a5cc3@example.com
2026-04-29T23:30:03.912952+00:00 | login_success | actor=c79138b8-e8dc-4b23-afa9-d923af95d8d8 | target=c79138b8-e8dc-4b23-afa9-d923af95d8d8 | email=test_968a5cc3@example.com
2026-04-29T23:30:03.979216+00:00 | user_registered | actor=550766a2-53e7-4eb4-9201-df7bfcdc8a5f | target=550766a2-53e7-4eb4-9201-df7bfcdc8a5f | email=test_a66ba3ed@example.com
2026-04-29T23:30:04.033608+00:00 | login_success | actor=550766a2-53e7-4eb4-9201-df7bfcdc8a5f | target=550766a2-53e7-4eb4-9201-df7bfcdc8a5f | email=test_a66ba3ed@example.com
2026-04-29T23:30:04.113041+00:00 | user_registered | actor=b99624e7-4204-40ab-98d7-8af04234f479 | target=b99624e7-4204-40ab-98d7-8af04234f479 | email=test_bd5b35bf@example.com
2026-04-29T23:30:04.163985+00:00 | login_success | actor=b99624e7-4204-40ab-98d7-8af04234f479 | target=b99624e7-4204-40ab-98d7-8af04234f479 | email=test_bd5b35bf@example.com
2026-04-29T23:30:04.236722+00:00 | user_registered | actor=e7195133-1983-46ed-a9ad-615ed3ff5892 | target=e7195133-1983-46ed-a9ad-615ed3ff5892 | email=test_0cc3b0c3@example.com
2026-04-29T23:30:04.288364+00:00 | login_success | actor=e7195133-1983-46ed-a9ad-615ed3ff5892 | target=e7195133-1983-46ed-a9ad-615ed3ff5892 | email=test_0cc3b0c3@example.com
2026-04-29T23:30:04.371749+00:00 | user_registered | actor=d5ba7d82-d627-4a21-ac8a-4cf89e038355 | target=d5ba7d82-d627-4a21-ac8a-4cf89e038355 | email=test_e1f3b3c9@example.com
2026-04-29T23:30:04.422658+00:00 | login_success | actor=d5ba7d82-d627-4a21-ac8a-4cf89e038355 | target=d5ba7d82-d627-4a21-ac8a-4cf89e038355 | email=test_e1f3b3c9@example.com
2026-04-29T23:30:04.512507+00:00 | user_registered | actor=42141b75-4070-466a-afc2-755ea0084010 | target=42141b75-4070-466a-afc2-755ea0084010 | email=test_fb9953fb@example.com
2026-04-29T23:30:04.565269+00:00 | login_success | actor=42141b75-4070-466a-afc2-755ea0084010 | target=42141b75-4070-466a-afc2-755ea0084010 | email=test_fb9953fb@example.com
2026-04-29T23:30:04.641526+00:00 | user_registered | actor=ed8f525d-aa7d-4c81-8f0b-a1f299405834 | target=ed8f525d-aa7d-4c81-8f0b-a1f299405834 | email=test_be4474aa@example.com
2026-04-29T23:30:04.691913+00:00 | login_success | actor=ed8f525d-aa7d-4c81-8f0b-a1f299405834 | target=ed8f525d-aa7d-4c81-8f0b-a1f299405834 | email=test_be4474aa@example.com
2026-04-29T23:30:04.758439+00:00 | user_registered | actor=f3fc2adf-313b-40ba-8835-34765ea7cc52 | target=f3fc2adf-313b-40ba-8835-34765ea7cc52 | email=test_d7918d0b@example.com
2026-04-29T23:30:04.814736+00:00 | login_success | actor=f3fc2adf-313b-40ba-8835-34765ea7cc52 | target=f3fc2adf-313b-40ba-8835-34765ea7cc52 | email=test_d7918d0b@example.com
2026-04-29T23:30:04.869457+00:00 | user_registered | actor=5f67ce7e-dd36-49c6-b22f-4f273d2d6347 | target=5f67ce7e-dd36-49c6-b22f-4f273d2d6347 | email=other_178fce49@example.com
2026-04-29T23:30:04.928388+00:00 | login_success | actor=5f67ce7e-dd36-49c6-b22f-4f273d2d6347 | target=5f67ce7e-dd36-49c6-b22f-4f273d2d6347 | email=other_178fce49@example.com
2026-04-29T23:30:05.001573+00:00 | user_registered | actor=21e2cb91-c46d-4675-90aa-8fd802002df1 | target=21e2cb91-c46d-4675-90aa-8fd802002df1 | email=test_6df56eda@example.com
2026-04-29T23:30:05.058375+00:00 | login_success | actor=21e2cb91-c46d-4675-90aa-8fd802002df1 | target=21e2cb91-c46d-4675-90aa-8fd802002df1 | email=test_6df56eda@example.com
2026-04-29T23:30:05.123920+00:00 | user_registered | actor=b2544aa0-8ffc-4c3d-aa6e-f6a1eaad1a8a | target=b2544aa0-8ffc-4c3d-aa6e-f6a1eaad1a8a | email=other_9876ac98@example.com
2026-04-29T23:30:05.209236+00:00 | login_success | actor=b2544aa0-8ffc-4c3d-aa6e-f6a1eaad1a8a | target=b2544aa0-8ffc-4c3d-aa6e-f6a1eaad1a8a | email=other_9876ac98@example.com
2026-04-29T23:30:05.299668+00:00 | user_registered | actor=51702ae3-df19-4efc-9dbe-e6410e71f445 | target=51702ae3-df19-4efc-9dbe-e6410e71f445 | email=test_0ea0716e@example.com
2026-04-29T23:30:05.362909+00:00 | login_success | actor=51702ae3-df19-4efc-9dbe-e6410e71f445 | target=51702ae3-df19-4efc-9dbe-e6410e71f445 | email=test_0ea0716e@example.com
2026-04-29T23:30:05.428287+00:00 | user_registered | actor=0a008198-4b42-4bc7-94e5-e4ae72622dfe | target=0a008198-4b42-4bc7-94e5-e4ae72622dfe | email=other_5790b2e6@example.com
2026-04-29T23:30:05.495364+00:00 | login_success | actor=0a008198-4b42-4bc7-94e5-e4ae72622dfe | target=0a008198-4b42-4bc7-94e5-e4ae72622dfe | email=other_5790b2e6@example.com
2026-04-29T23:30:05.569010+00:00 | user_registered | actor=98525844-59c8-4342-8a1d-e7a8eebddb71 | target=98525844-59c8-4342-8a1d-e7a8eebddb71 | email=test_b84dd788@example.com
2026-04-29T23:30:05.621651+00:00 | login_success | actor=98525844-59c8-4342-8a1d-e7a8eebddb71 | target=98525844-59c8-4342-8a1d-e7a8eebddb71 | email=test_b84dd788@example.com
2026-04-29T23:30:05.672796+00:00 | user_registered | actor=8374fb4e-66ff-49a1-9d46-699cfe9d985a | target=8374fb4e-66ff-49a1-9d46-699cfe9d985a | email=other_ba941470@example.com
2026-04-29T23:30:05.725716+00:00 | login_success | actor=8374fb4e-66ff-49a1-9d46-699cfe9d985a | target=8374fb4e-66ff-49a1-9d46-699cfe9d985a | email=other_ba941470@example.com
2026-04-29T23:30:05.796872+00:00 | user_registered | actor=b46af85c-92f5-4fc3-b4cb-1c4264f31843 | target=b46af85c-92f5-4fc3-b4cb-1c4264f31843 | email=test_e0ef6170@example.com
2026-04-29T23:30:05.849843+00:00 | login_success | actor=b46af85c-92f5-4fc3-b4cb-1c4264f31843 | target=b46af85c-92f5-4fc3-b4cb-1c4264f31843 | email=test_e0ef6170@example.com
2026-04-29T23:30:05.901405+00:00 | user_registered | actor=dc580bd6-8d91-4ad7-b3a8-8e9d2732136c | target=dc580bd6-8d91-4ad7-b3a8-8e9d2732136c | email=other_225e3894@example.com
2026-04-29T23:30:05.954188+00:00 | login_success | actor=dc580bd6-8d91-4ad7-b3a8-8e9d2732136c | target=dc580bd6-8d91-4ad7-b3a8-8e9d2732136c | email=other_225e3894@example.com
2026-04-29T23:30:06.037253+00:00 | user_registered | actor=b9ad9aa4-07bf-4395-9780-1dc27664c77a | target=b9ad9aa4-07bf-4395-9780-1dc27664c77a | email=test_1b18031b@example.com
2026-04-29T23:30:06.091761+00:00 | login_success | actor=b9ad9aa4-07bf-4395-9780-1dc27664c77a | target=b9ad9aa4-07bf-4395-9780-1dc27664c77a | email=test_1b18031b@example.com
2026-04-29T23:30:06.149167+00:00 | user_registered | actor=cdc86e7c-6553-49a4-8a60-3cf0f0f85c9a | target=cdc86e7c-6553-49a4-8a60-3cf0f0f85c9a | email=other_c97f4f52@example.com
2026-04-29T23:30:06.210952+00:00 | login_success | actor=cdc86e7c-6553-49a4-8a60-3cf0f0f85c9a | target=cdc86e7c-6553-49a4-8a60-3cf0f0f85c9a | email=other_c97f4f52@example.com
2026-04-29T23:30:06.290655+00:00 | user_registered | actor=b6ae592a-7b7f-40b3-811e-67a039eda480 | target=b6ae592a-7b7f-40b3-811e-67a039eda480 | email=test_20820a3a@example.com
2026-04-29T23:30:06.344026+00:00 | login_success | actor=b6ae592a-7b7f-40b3-811e-67a039eda480 | target=b6ae592a-7b7f-40b3-811e-67a039eda480 | email=test_20820a3a@example.com
2026-04-29T23:30:06.404323+00:00 | user_registered | actor=b1595b2d-59b2-4d2a-870e-e322eb3dbc80 | target=b1595b2d-59b2-4d2a-870e-e322eb3dbc80 | email=other_e4825ae8@example.com
2026-04-29T23:30:06.460802+00:00 | login_success | actor=b1595b2d-59b2-4d2a-870e-e322eb3dbc80 | target=b1595b2d-59b2-4d2a-870e-e322eb3dbc80 | email=other_e4825ae8@example.com
2026-04-29T23:30:06.544990+00:00 | user_registered | actor=a428d070-e5de-4eec-b19e-f7486ff8af81 | target=a428d070-e5de-4eec-b19e-f7486ff8af81 | email=test_ff789ac2@example.com
2026-04-29T23:30:06.607440+00:00 | login_success | actor=a428d070-e5de-4eec-b19e-f7486ff8af81 | target=a428d070-e5de-4eec-b19e-f7486ff8af81 | email=test_ff789ac2@example.com
2026-04-29T23:30:06.659224+00:00 | user_registered | actor=66923d3a-7692-4828-b6b4-f26623802702 | target=66923d3a-7692-4828-b6b4-f26623802702 | email=other_e928565b@example.com
2026-04-29T23:30:06.714926+00:00 | login_success | actor=66923d3a-7692-4828-b6b4-f26623802702 | target=66923d3a-7692-4828-b6b4-f26623802702 | email=other_e928565b@example.com
2026-04-29T23:30:06.789601+00:00 | user_registered | actor=ae5be040-bed4-41ea-9eb0-5d9a0b054b50 | target=ae5be040-bed4-41ea-9eb0-5d9a0b054b50 | email=test_ee624c04@example.com
2026-04-29T23:30:06.844530+00:00 | login_success | actor=ae5be040-bed4-41ea-9eb0-5d9a0b054b50 | target=ae5be040-bed4-41ea-9eb0-5d9a0b054b50 | email=test_ee624c04@example.com
2026-04-29T23:30:06.894828+00:00 | user_registered | actor=e6d7bf8e-3cdf-428b-a385-f67a41b4912e | target=e6d7bf8e-3cdf-428b-a385-f67a41b4912e | email=other_f3e55626@example.com
2026-04-29T23:30:06.951855+00:00 | login_success | actor=e6d7bf8e-3cdf-428b-a385-f67a41b4912e | target=e6d7bf8e-3cdf-428b-a385-f67a41b4912e | email=other_f3e55626@example.com
2026-04-29T23:30:07.031214+00:00 | user_registered | actor=09a4f18e-ad8e-4b2c-a0ea-8e029aaf5fce | target=09a4f18e-ad8e-4b2c-a0ea-8e029aaf5fce | email=test_818ff48d@example.com
2026-04-29T23:30:07.113025+00:00 | login_success | actor=09a4f18e-ad8e-4b2c-a0ea-8e029aaf5fce | target=09a4f18e-ad8e-4b2c-a0ea-8e029aaf5fce | email=test_818ff48d@example.com
2026-04-29T23:30:07.191279+00:00 | user_registered | actor=749787ea-9655-43be-aa94-15f34b33ba07 | target=749787ea-9655-43be-aa94-15f34b33ba07 | email=other_128f86f4@example.com
2026-04-29T23:30:07.268207+00:00 | login_success | actor=749787ea-9655-43be-aa94-15f34b33ba07 | target=749787ea-9655-43be-aa94-15f34b33ba07 | email=other_128f86f4@example.com
2026-04-29T23:30:07.382301+00:00 | user_registered | actor=54d82481-1058-4450-9c65-f20784acf5d1 | target=54d82481-1058-4450-9c65-f20784acf5d1 | email=test_bf10adc4@example.com
2026-04-29T23:30:07.452126+00:00 | login_success | actor=54d82481-1058-4450-9c65-f20784acf5d1 | target=54d82481-1058-4450-9c65-f20784acf5d1 | email=test_bf10adc4@example.com
2026-04-29T23:30:07.521938+00:00 | user_registered | actor=fa841b4c-5c3b-447f-9899-9ffc7f4183fe | target=fa841b4c-5c3b-447f-9899-9ffc7f4183fe | email=other_4ea7a110@example.com
2026-04-29T23:30:07.597529+00:00 | login_success | actor=fa841b4c-5c3b-447f-9899-9ffc7f4183fe | target=fa841b4c-5c3b-447f-9899-9ffc7f4183fe | email=other_4ea7a110@example.com
2026-04-29T23:30:07.693902+00:00 | user_registered | actor=1cfa3c93-e976-4359-aaca-a53e8a3f3073 | target=1cfa3c93-e976-4359-aaca-a53e8a3f3073 | email=test_f48df732@example.com
2026-04-29T23:30:07.760419+00:00 | login_success | actor=1cfa3c93-e976-4359-aaca-a53e8a3f3073 | target=1cfa3c93-e976-4359-aaca-a53e8a3f3073 | email=test_f48df732@example.com
2026-04-29T23:30:07.826355+00:00 | user_registered | actor=7cd80146-e714-44b2-9a74-e346682305c0 | target=7cd80146-e714-44b2-9a74-e346682305c0 | email=other_b3645e45@example.com
2026-04-29T23:30:07.896805+00:00 | login_success | actor=7cd80146-e714-44b2-9a74-e346682305c0 | target=7cd80146-e714-44b2-9a74-e346682305c0 | email=other_b3645e45@example.com
2026-04-29T23:30:08.008081+00:00 | user_registered | actor=2fc66c7d-3955-433a-b21a-626efada009a | target=2fc66c7d-3955-433a-b21a-626efada009a | email=test_8c5fb787@example.com
2026-04-29T23:30:08.093659+00:00 | login_success | actor=2fc66c7d-3955-433a-b21a-626efada009a | target=2fc66c7d-3955-433a-b21a-626efada009a | email=test_8c5fb787@example.com
2026-04-29T23:30:08.162960+00:00 | user_registered | actor=ade6e967-e8b9-467c-9097-b5e8abce276a | target=ade6e967-e8b9-467c-9097-b5e8abce276a | email=other_cee38d42@example.com
2026-04-29T23:30:08.242970+00:00 | login_success | actor=ade6e967-e8b9-467c-9097-b5e8abce276a | target=ade6e967-e8b9-467c-9097-b5e8abce276a | email=other_cee38d42@example.com
2026-04-29T23:30:08.342440+00:00 | user_registered | actor=4778c3b7-68a5-4c6d-935f-559b65bee097 | target=4778c3b7-68a5-4c6d-935f-559b65bee097 | email=test_2c7c383e@example.com
2026-04-29T23:30:08.406222+00:00 | login_success | actor=4778c3b7-68a5-4c6d-935f-559b65bee097 | target=4778c3b7-68a5-4c6d-935f-559b65bee097 | email=test_2c7c383e@example.com
2026-04-29T23:30:08.510577+00:00 | user_registered | actor=525b51ef-3038-46f4-934b-327cc432fb20 | target=525b51ef-3038-46f4-934b-327cc432fb20 | email=test_9793873f@example.com
2026-04-29T23:30:08.582874+00:00 | login_success | actor=525b51ef-3038-46f4-934b-327cc432fb20 | target=525b51ef-3038-46f4-934b-327cc432fb20 | email=test_9793873f@example.com
2026-04-29T23:30:08.673272+00:00 | user_registered | actor=f3045c9e-7f15-4cf3-981d-938ca91b4050 | target=f3045c9e-7f15-4cf3-981d-938ca91b4050 | email=test_e9f00f5d@example.com
2026-04-29T23:30:08.726340+00:00 | login_success | actor=f3045c9e-7f15-4cf3-981d-938ca91b4050 | target=f3045c9e-7f15-4cf3-981d-938ca91b4050 | email=test_e9f00f5d@example.com
2026-04-29T23:30:08.820507+00:00 | user_registered | actor=1a5cc272-0c0f-4f41-8ad4-96afc3561c31 | target=1a5cc272-0c0f-4f41-8ad4-96afc3561c31 | email=test_13de4431@example.com
2026-04-29T23:30:08.874912+00:00 | login_success | actor=1a5cc272-0c0f-4f41-8ad4-96afc3561c31 | target=1a5cc272-0c0f-4f41-8ad4-96afc3561c31 | email=test_13de4431@example.com
2026-04-29T23:30:08.955092+00:00 | user_registered | actor=3b2dd478-d407-4f7c-83b9-b24889ba518b | target=3b2dd478-d407-4f7c-83b9-b24889ba518b | email=test_03fc0d6a@example.com
2026-04-29T23:30:09.009721+00:00 | login_success | actor=3b2dd478-d407-4f7c-83b9-b24889ba518b | target=3b2dd478-d407-4f7c-83b9-b24889ba518b | email=test_03fc0d6a@example.com
2026-04-29T23:30:09.074585+00:00 | user_registered | actor=ef0b2df5-5df7-41f5-a67c-bd68b2854d1c | target=ef0b2df5-5df7-41f5-a67c-bd68b2854d1c | email=test_b3788f3f@example.com
2026-04-29T23:30:09.129557+00:00 | login_success | actor=ef0b2df5-5df7-41f5-a67c-bd68b2854d1c | target=ef0b2df5-5df7-41f5-a67c-bd68b2854d1c | email=test_b3788f3f@example.com
2026-04-29T23:30:09.216661+00:00 | user_registered | actor=fe88ae70-c1ee-446e-abce-8ab8369cde44 | target=fe88ae70-c1ee-446e-abce-8ab8369cde44 | email=test_e605e067@example.com
2026-04-29T23:30:09.275507+00:00 | login_success | actor=fe88ae70-c1ee-446e-abce-8ab8369cde44 | target=fe88ae70-c1ee-446e-abce-8ab8369cde44 | email=test_e605e067@example.com
2026-04-29T23:30:25.129786+00:00 | user_registered | actor=768f7b13-a481-4830-be8b-d1b1f1b700b4 | target=768f7b13-a481-4830-be8b-d1b1f1b700b4 | email=test_0f1e4dd1@example.com
2026-04-29T23:30:25.193554+00:00 | login_success | actor=768f7b13-a481-4830-be8b-d1b1f1b700b4 | target=768f7b13-a481-4830-be8b-d1b1f1b700b4 | email=test_0f1e4dd1@example.com
2026-04-29T23:30:25.289241+00:00 | user_registered | actor=d31c34f4-53e8-4b2f-b5dc-c434fc9078e5 | target=d31c34f4-53e8-4b2f-b5dc-c434fc9078e5 | email=test_64c6badf@example.com
2026-04-29T23:30:25.442627+00:00 | user_registered | actor=53dd47af-d1d3-4fcd-8e3e-a68449ef0448 | target=53dd47af-d1d3-4fcd-8e3e-a68449ef0448 | email=test_de0479be@example.com
2026-04-29T23:30:25.499667+00:00 | login_success | actor=53dd47af-d1d3-4fcd-8e3e-a68449ef0448 | target=53dd47af-d1d3-4fcd-8e3e-a68449ef0448 | email=test_de0479be@example.com
2026-04-29T23:30:25.627182+00:00 | user_registered | actor=ccc7892e-23f6-422d-9965-37876bc38cbc | target=ccc7892e-23f6-422d-9965-37876bc38cbc | email=test_b88a7d64@example.com
2026-04-29T23:30:25.721285+00:00 | user_registered | actor=565408a1-ad19-4545-8472-17d692caa9f0 | target=565408a1-ad19-4545-8472-17d692caa9f0 | email=test_b6670bff@example.com
2026-04-29T23:30:25.839987+00:00 | user_registered | actor=c2bb3563-99b1-4672-99c1-8fddffc838c8 | target=c2bb3563-99b1-4672-99c1-8fddffc838c8 | email=test_07326dea@example.com
2026-04-29T23:30:25.905221+00:00 | login_success | actor=c2bb3563-99b1-4672-99c1-8fddffc838c8 | target=c2bb3563-99b1-4672-99c1-8fddffc838c8 | email=test_07326dea@example.com
2026-04-29T23:30:25.976089+00:00 | user_registered | actor=2cb1b95b-4448-41cb-984b-ae242222963a | target=2cb1b95b-4448-41cb-984b-ae242222963a | email=user_75446c8c@example.com
2026-04-29T23:30:26.061144+00:00 | user_registered | actor=da085bc2-7b21-48a0-872e-ffe0747a0c8c | target=da085bc2-7b21-48a0-872e-ffe0747a0c8c | email=test_1293e963@example.com
2026-04-29T23:30:26.126841+00:00 | login_success | actor=da085bc2-7b21-48a0-872e-ffe0747a0c8c | target=da085bc2-7b21-48a0-872e-ffe0747a0c8c | email=test_1293e963@example.com
2026-04-29T23:30:26.196468+00:00 | user_registered | actor=21642b1e-d278-46da-9593-fec05fc81fb9 | target=21642b1e-d278-46da-9593-fec05fc81fb9 | email=user_69e8327b@example.com
2026-04-29T23:30:26.265375+00:00 | login_success | actor=21642b1e-d278-46da-9593-fec05fc81fb9 | target=21642b1e-d278-46da-9593-fec05fc81fb9 | email=user_69e8327b@example.com
2026-04-29T23:30:26.342859+00:00 | user_registered | actor=de147bce-4d53-4d92-9f12-c6d2ef9fa00f | target=de147bce-4d53-4d92-9f12-c6d2ef9fa00f | email=test_4fbba5d8@example.com
2026-04-29T23:30:26.407993+00:00 | login_success | actor=de147bce-4d53-4d92-9f12-c6d2ef9fa00f | target=de147bce-4d53-4d92-9f12-c6d2ef9fa00f | email=test_4fbba5d8@example.com
2026-04-29T23:30:26.492448+00:00 | user_registered | actor=96675bfe-d9ca-42ea-8649-29e1b0dea11c | target=96675bfe-d9ca-42ea-8649-29e1b0dea11c | email=user_dc9c4511@example.com
2026-04-29T23:30:26.570246+00:00 | user_registered | actor=252267f9-bb4d-4db6-89ee-545733bd5c51 | target=252267f9-bb4d-4db6-89ee-545733bd5c51 | email=test_7be2e66a@example.com
2026-04-29T23:30:26.634938+00:00 | login_success | actor=252267f9-bb4d-4db6-89ee-545733bd5c51 | target=252267f9-bb4d-4db6-89ee-545733bd5c51 | email=test_7be2e66a@example.com
2026-04-29T23:30:26.705446+00:00 | user_registered | actor=7680c531-8d8e-49b7-ae8b-b5628df6342d | target=7680c531-8d8e-49b7-ae8b-b5628df6342d | email=user_027a8e2f@example.com
2026-04-29T23:30:26.796692+00:00 | user_registered | actor=228e2231-ca98-44d1-988c-bf7b2f6e8b0d | target=228e2231-ca98-44d1-988c-bf7b2f6e8b0d | email=test_670931a4@example.com
2026-04-29T23:30:26.860427+00:00 | login_success | actor=228e2231-ca98-44d1-988c-bf7b2f6e8b0d | target=228e2231-ca98-44d1-988c-bf7b2f6e8b0d | email=test_670931a4@example.com
2026-04-29T23:30:26.954140+00:00 | user_registered | actor=275bb46b-264b-400a-9175-bbc33f833519 | target=275bb46b-264b-400a-9175-bbc33f833519 | email=test_c8878e67@example.com
2026-04-29T23:30:27.014634+00:00 | login_success | actor=275bb46b-264b-400a-9175-bbc33f833519 | target=275bb46b-264b-400a-9175-bbc33f833519 | email=test_c8878e67@example.com
2026-04-29T23:30:27.081868+00:00 | user_registered | actor=c81ef360-f12d-4535-ae1c-f74e648d0a76 | target=c81ef360-f12d-4535-ae1c-f74e648d0a76 | email=user_780f76a6@example.com
2026-04-29T23:30:27.158913+00:00 | user_registered | actor=2c484414-e3e9-43ba-b4a2-d4da70ca6d13 | target=2c484414-e3e9-43ba-b4a2-d4da70ca6d13 | email=test_d557ad58@example.com
2026-04-29T23:30:27.219890+00:00 | login_success | actor=2c484414-e3e9-43ba-b4a2-d4da70ca6d13 | target=2c484414-e3e9-43ba-b4a2-d4da70ca6d13 | email=test_d557ad58@example.com
2026-04-29T23:30:27.284529+00:00 | user_registered | actor=21338899-89c9-48fa-a2a2-fdeeaaa339ca | target=21338899-89c9-48fa-a2a2-fdeeaaa339ca | email=user_29d22af5@example.com
2026-04-29T23:30:27.365486+00:00 | user_registered | actor=b082883a-f615-4db3-a078-c63127a444d8 | target=b082883a-f615-4db3-a078-c63127a444d8 | email=test_74acdd84@example.com
2026-04-29T23:30:27.428274+00:00 | login_success | actor=b082883a-f615-4db3-a078-c63127a444d8 | target=b082883a-f615-4db3-a078-c63127a444d8 | email=test_74acdd84@example.com
2026-04-29T23:30:27.496193+00:00 | user_registered | actor=0e96fb43-2cc1-4ed3-8880-6a59c0245455 | target=0e96fb43-2cc1-4ed3-8880-6a59c0245455 | email=user_76fc9aaa@example.com
2026-04-29T23:30:27.575046+00:00 | user_registered | actor=671b5ebe-778d-4bdc-ac22-fedc7bff59b4 | target=671b5ebe-778d-4bdc-ac22-fedc7bff59b4 | email=test_91391711@example.com
2026-04-29T23:30:27.637590+00:00 | login_success | actor=671b5ebe-778d-4bdc-ac22-fedc7bff59b4 | target=671b5ebe-778d-4bdc-ac22-fedc7bff59b4 | email=test_91391711@example.com
2026-04-29T23:30:27.705906+00:00 | user_registered | actor=5ff5d9f7-9d8e-489c-90bf-ca73a4fec1d8 | target=5ff5d9f7-9d8e-489c-90bf-ca73a4fec1d8 | email=user_3e2654e7@example.com
2026-04-29T23:30:27.794972+00:00 | user_registered | actor=64b9553f-4480-4832-8751-531f76722876 | target=64b9553f-4480-4832-8751-531f76722876 | email=test_4fbd72d5@example.com
2026-04-29T23:30:27.855434+00:00 | login_success | actor=64b9553f-4480-4832-8751-531f76722876 | target=64b9553f-4480-4832-8751-531f76722876 | email=test_4fbd72d5@example.com
2026-04-29T23:30:27.919025+00:00 | user_registered | actor=e4718fa5-3ffb-4b73-b5a7-574a2571daf3 | target=e4718fa5-3ffb-4b73-b5a7-574a2571daf3 | email=user_7b51bb8d@example.com
2026-04-29T23:30:28.002419+00:00 | user_registered | actor=2607af8f-7e7e-4f22-8904-db229427be40 | target=2607af8f-7e7e-4f22-8904-db229427be40 | email=test_d760034a@example.com
2026-04-29T23:30:28.063851+00:00 | login_success | actor=2607af8f-7e7e-4f22-8904-db229427be40 | target=2607af8f-7e7e-4f22-8904-db229427be40 | email=test_d760034a@example.com
2026-04-29T23:30:28.146178+00:00 | user_registered | actor=fae2672d-80ea-4241-a5d6-74b42ee44a19 | target=fae2672d-80ea-4241-a5d6-74b42ee44a19 | email=test_a3062f4f@example.com
2026-04-29T23:30:28.204273+00:00 | login_success | actor=fae2672d-80ea-4241-a5d6-74b42ee44a19 | target=fae2672d-80ea-4241-a5d6-74b42ee44a19 | email=test_a3062f4f@example.com
2026-04-29T23:30:28.296309+00:00 | user_registered | actor=7b184781-8af1-4c4b-8b77-f719193b847e | target=7b184781-8af1-4c4b-8b77-f719193b847e | email=test_d866a746@example.com
2026-04-29T23:30:28.358542+00:00 | login_success | actor=7b184781-8af1-4c4b-8b77-f719193b847e | target=7b184781-8af1-4c4b-8b77-f719193b847e | email=test_d866a746@example.com
2026-04-29T23:30:28.437832+00:00 | user_registered | actor=4271d043-5547-4ea5-bca2-f0925b29e7ef | target=4271d043-5547-4ea5-bca2-f0925b29e7ef | email=test_2ca3d4f6@example.com
2026-04-29T23:30:28.498350+00:00 | login_success | actor=4271d043-5547-4ea5-bca2-f0925b29e7ef | target=4271d043-5547-4ea5-bca2-f0925b29e7ef | email=test_2ca3d4f6@example.com
2026-04-29T23:30:28.593310+00:00 | user_registered | actor=5b305fab-fc5f-4a5e-97d9-62103f6cdf67 | target=5b305fab-fc5f-4a5e-97d9-62103f6cdf67 | email=test_21105ca5@example.com
2026-04-29T23:30:28.651953+00:00 | login_success | actor=5b305fab-fc5f-4a5e-97d9-62103f6cdf67 | target=5b305fab-fc5f-4a5e-97d9-62103f6cdf67 | email=test_21105ca5@example.com
2026-04-29T23:30:28.736975+00:00 | user_registered | actor=d61b0f0d-e849-4fef-a0a1-b5599fd904dd | target=d61b0f0d-e849-4fef-a0a1-b5599fd904dd | email=test_99463e96@example.com
2026-04-29T23:30:28.799994+00:00 | login_success | actor=d61b0f0d-e849-4fef-a0a1-b5599fd904dd | target=d61b0f0d-e849-4fef-a0a1-b5599fd904dd | email=test_99463e96@example.com
2026-04-29T23:30:28.905093+00:00 | user_registered | actor=4e7efd9b-e06b-44c9-9d5f-c549eb08a80d | target=4e7efd9b-e06b-44c9-9d5f-c549eb08a80d | email=test_392c32de@example.com
2026-04-29T23:30:28.965766+00:00 | login_success | actor=4e7efd9b-e06b-44c9-9d5f-c549eb08a80d | target=4e7efd9b-e06b-44c9-9d5f-c549eb08a80d | email=test_392c32de@example.com
2026-04-29T23:30:29.070987+00:00 | user_registered | actor=0f4c40e7-052c-4c02-9510-a9b48fedc5a1 | target=0f4c40e7-052c-4c02-9510-a9b48fedc5a1 | email=test_ba56f357@example.com
2026-04-29T23:30:29.130544+00:00 | login_success | actor=0f4c40e7-052c-4c02-9510-a9b48fedc5a1 | target=0f4c40e7-052c-4c02-9510-a9b48fedc5a1 | email=test_ba56f357@example.com
2026-04-29T23:30:29.215367+00:00 | user_registered | actor=5b504818-61d7-4228-b884-f5ee29e18e65 | target=5b504818-61d7-4228-b884-f5ee29e18e65 | email=test_f4666c0a@example.com
2026-04-29T23:30:29.273306+00:00 | login_success | actor=5b504818-61d7-4228-b884-f5ee29e18e65 | target=5b504818-61d7-4228-b884-f5ee29e18e65 | email=test_f4666c0a@example.com
2026-04-29T23:30:29.339512+00:00 | user_registered | actor=857ac8cf-8cee-41d4-9219-9084de18b5c8 | target=857ac8cf-8cee-41d4-9219-9084de18b5c8 | email=test_1293bcd0@example.com
2026-04-29T23:30:29.397540+00:00 | login_success | actor=857ac8cf-8cee-41d4-9219-9084de18b5c8 | target=857ac8cf-8cee-41d4-9219-9084de18b5c8 | email=test_1293bcd0@example.com
2026-04-29T23:30:29.451941+00:00 | user_registered | actor=0e59f150-cd4c-4e22-8852-3f6fcbd5d95a | target=0e59f150-cd4c-4e22-8852-3f6fcbd5d95a | email=other_13024957@example.com
2026-04-29T23:30:29.512307+00:00 | login_success | actor=0e59f150-cd4c-4e22-8852-3f6fcbd5d95a | target=0e59f150-cd4c-4e22-8852-3f6fcbd5d95a | email=other_13024957@example.com
2026-04-29T23:30:29.586497+00:00 | user_registered | actor=9ad5b0f5-97af-4f1e-9d51-96da86051106 | target=9ad5b0f5-97af-4f1e-9d51-96da86051106 | email=test_2d581d31@example.com
2026-04-29T23:30:29.643705+00:00 | login_success | actor=9ad5b0f5-97af-4f1e-9d51-96da86051106 | target=9ad5b0f5-97af-4f1e-9d51-96da86051106 | email=test_2d581d31@example.com
2026-04-29T23:30:29.699555+00:00 | user_registered | actor=1c365d1f-732f-4ce2-89b3-689d567c1703 | target=1c365d1f-732f-4ce2-89b3-689d567c1703 | email=other_904ab5df@example.com
2026-04-29T23:30:29.762394+00:00 | login_success | actor=1c365d1f-732f-4ce2-89b3-689d567c1703 | target=1c365d1f-732f-4ce2-89b3-689d567c1703 | email=other_904ab5df@example.com
2026-04-29T23:30:29.839733+00:00 | user_registered | actor=18ea310e-1533-430d-961d-629a55ed2f3d | target=18ea310e-1533-430d-961d-629a55ed2f3d | email=test_42610f95@example.com
2026-04-29T23:30:29.898615+00:00 | login_success | actor=18ea310e-1533-430d-961d-629a55ed2f3d | target=18ea310e-1533-430d-961d-629a55ed2f3d | email=test_42610f95@example.com
2026-04-29T23:30:29.961599+00:00 | user_registered | actor=0ecb2e6e-7f1c-4c81-837e-a47fc9711b68 | target=0ecb2e6e-7f1c-4c81-837e-a47fc9711b68 | email=other_2bc428db@example.com
2026-04-29T23:30:30.021387+00:00 | login_success | actor=0ecb2e6e-7f1c-4c81-837e-a47fc9711b68 | target=0ecb2e6e-7f1c-4c81-837e-a47fc9711b68 | email=other_2bc428db@example.com
2026-04-29T23:30:30.099677+00:00 | user_registered | actor=e3ab8524-d61c-4757-8c3b-6fad6f5acc00 | target=e3ab8524-d61c-4757-8c3b-6fad6f5acc00 | email=test_6f62479a@example.com
2026-04-29T23:30:30.155593+00:00 | login_success | actor=e3ab8524-d61c-4757-8c3b-6fad6f5acc00 | target=e3ab8524-d61c-4757-8c3b-6fad6f5acc00 | email=test_6f62479a@example.com
2026-04-29T23:30:30.285277+00:00 | user_registered | actor=bb9ce620-85ab-4204-9e0c-94fc553491a0 | target=bb9ce620-85ab-4204-9e0c-94fc553491a0 | email=other_b5edf4d6@example.com
2026-04-29T23:30:30.339866+00:00 | login_success | actor=bb9ce620-85ab-4204-9e0c-94fc553491a0 | target=bb9ce620-85ab-4204-9e0c-94fc553491a0 | email=other_b5edf4d6@example.com
2026-04-29T23:30:30.413303+00:00 | user_registered | actor=f749e7a4-b6b4-404c-9c4e-b2d39e144964 | target=f749e7a4-b6b4-404c-9c4e-b2d39e144964 | email=test_788b4c65@example.com
2026-04-29T23:30:30.469804+00:00 | login_success | actor=f749e7a4-b6b4-404c-9c4e-b2d39e144964 | target=f749e7a4-b6b4-404c-9c4e-b2d39e144964 | email=test_788b4c65@example.com
2026-04-29T23:30:30.525061+00:00 | user_registered | actor=6374e6f2-82da-4348-b64c-3affdbebf741 | target=6374e6f2-82da-4348-b64c-3affdbebf741 | email=other_23546dd3@example.com
2026-04-29T23:30:30.581176+00:00 | login_success | actor=6374e6f2-82da-4348-b64c-3affdbebf741 | target=6374e6f2-82da-4348-b64c-3affdbebf741 | email=other_23546dd3@example.com
2026-04-29T23:30:30.659443+00:00 | user_registered | actor=b1e81b14-d1a5-4099-8721-311572d1b1de | target=b1e81b14-d1a5-4099-8721-311572d1b1de | email=test_9ac58ccb@example.com
2026-04-29T23:30:30.717158+00:00 | login_success | actor=b1e81b14-d1a5-4099-8721-311572d1b1de | target=b1e81b14-d1a5-4099-8721-311572d1b1de | email=test_9ac58ccb@example.com
2026-04-29T23:30:30.773500+00:00 | user_registered | actor=42372e7c-e39d-4f9c-b5d1-0db56a493200 | target=42372e7c-e39d-4f9c-b5d1-0db56a493200 | email=other_464d254d@example.com
2026-04-29T23:30:30.831654+00:00 | login_success | actor=42372e7c-e39d-4f9c-b5d1-0db56a493200 | target=42372e7c-e39d-4f9c-b5d1-0db56a493200 | email=other_464d254d@example.com
2026-04-29T23:30:30.908240+00:00 | user_registered | actor=e6f7fb7a-970f-4b23-b80d-2ca5b04275be | target=e6f7fb7a-970f-4b23-b80d-2ca5b04275be | email=test_9282ad4d@example.com
2026-04-29T23:30:30.967765+00:00 | login_success | actor=e6f7fb7a-970f-4b23-b80d-2ca5b04275be | target=e6f7fb7a-970f-4b23-b80d-2ca5b04275be | email=test_9282ad4d@example.com
2026-04-29T23:30:31.029905+00:00 | user_registered | actor=f801e3d9-eee8-4d07-b4b2-0f1782ac50b8 | target=f801e3d9-eee8-4d07-b4b2-0f1782ac50b8 | email=other_b97331bf@example.com
2026-04-29T23:30:31.087601+00:00 | login_success | actor=f801e3d9-eee8-4d07-b4b2-0f1782ac50b8 | target=f801e3d9-eee8-4d07-b4b2-0f1782ac50b8 | email=other_b97331bf@example.com
2026-04-29T23:30:31.170941+00:00 | user_registered | actor=b7364d76-9413-4186-8e9b-6545563e74cd | target=b7364d76-9413-4186-8e9b-6545563e74cd | email=test_94a97ae5@example.com
2026-04-29T23:30:31.247423+00:00 | login_success | actor=b7364d76-9413-4186-8e9b-6545563e74cd | target=b7364d76-9413-4186-8e9b-6545563e74cd | email=test_94a97ae5@example.com
2026-04-29T23:30:31.304529+00:00 | user_registered | actor=9d3c36d6-f8d0-4347-b987-1515d7850083 | target=9d3c36d6-f8d0-4347-b987-1515d7850083 | email=other_6d65687a@example.com
2026-04-29T23:30:31.360029+00:00 | login_success | actor=9d3c36d6-f8d0-4347-b987-1515d7850083 | target=9d3c36d6-f8d0-4347-b987-1515d7850083 | email=other_6d65687a@example.com
2026-04-29T23:30:31.435879+00:00 | user_registered | actor=05b47321-afb4-4ade-823f-24c81e24296b | target=05b47321-afb4-4ade-823f-24c81e24296b | email=test_ed5cd7f2@example.com
2026-04-29T23:30:31.490570+00:00 | login_success | actor=05b47321-afb4-4ade-823f-24c81e24296b | target=05b47321-afb4-4ade-823f-24c81e24296b | email=test_ed5cd7f2@example.com
2026-04-29T23:30:31.546086+00:00 | user_registered | actor=64851b9c-ca1e-4879-b2a9-d39a204200b6 | target=64851b9c-ca1e-4879-b2a9-d39a204200b6 | email=other_c7238549@example.com
2026-04-29T23:30:31.602409+00:00 | login_success | actor=64851b9c-ca1e-4879-b2a9-d39a204200b6 | target=64851b9c-ca1e-4879-b2a9-d39a204200b6 | email=other_c7238549@example.com
2026-04-29T23:30:31.681777+00:00 | user_registered | actor=81e3bab5-ea64-4fa0-affb-2d8bd6b8c79a | target=81e3bab5-ea64-4fa0-affb-2d8bd6b8c79a | email=test_1f155f48@example.com
2026-04-29T23:30:31.738404+00:00 | login_success | actor=81e3bab5-ea64-4fa0-affb-2d8bd6b8c79a | target=81e3bab5-ea64-4fa0-affb-2d8bd6b8c79a | email=test_1f155f48@example.com
2026-04-29T23:30:31.793888+00:00 | user_registered | actor=8a3c69bc-dd3a-4eb0-b4fc-8e02725b8c90 | target=8a3c69bc-dd3a-4eb0-b4fc-8e02725b8c90 | email=other_83b5dac1@example.com
2026-04-29T23:30:31.848658+00:00 | login_success | actor=8a3c69bc-dd3a-4eb0-b4fc-8e02725b8c90 | target=8a3c69bc-dd3a-4eb0-b4fc-8e02725b8c90 | email=other_83b5dac1@example.com
2026-04-29T23:30:31.924931+00:00 | user_registered | actor=5ab39968-7905-4617-85e1-e220938fb6b6 | target=5ab39968-7905-4617-85e1-e220938fb6b6 | email=test_54f306b0@example.com
2026-04-29T23:30:31.979883+00:00 | login_success | actor=5ab39968-7905-4617-85e1-e220938fb6b6 | target=5ab39968-7905-4617-85e1-e220938fb6b6 | email=test_54f306b0@example.com
2026-04-29T23:30:32.034683+00:00 | user_registered | actor=cc07b235-8642-4400-a509-20941ffbfbb3 | target=cc07b235-8642-4400-a509-20941ffbfbb3 | email=other_6cc62b57@example.com
2026-04-29T23:30:32.091559+00:00 | login_success | actor=cc07b235-8642-4400-a509-20941ffbfbb3 | target=cc07b235-8642-4400-a509-20941ffbfbb3 | email=other_6cc62b57@example.com
2026-04-29T23:30:32.169364+00:00 | user_registered | actor=f300a941-1fe7-4045-b49e-c32879fce67c | target=f300a941-1fe7-4045-b49e-c32879fce67c | email=test_8e76d40e@example.com
2026-04-29T23:30:32.225803+00:00 | login_success | actor=f300a941-1fe7-4045-b49e-c32879fce67c | target=f300a941-1fe7-4045-b49e-c32879fce67c | email=test_8e76d40e@example.com
2026-04-29T23:30:32.280342+00:00 | user_registered | actor=9181a318-3637-40e2-a3fb-4fd333c578b4 | target=9181a318-3637-40e2-a3fb-4fd333c578b4 | email=other_ad26262c@example.com
2026-04-29T23:30:32.339804+00:00 | login_success | actor=9181a318-3637-40e2-a3fb-4fd333c578b4 | target=9181a318-3637-40e2-a3fb-4fd333c578b4 | email=other_ad26262c@example.com
2026-04-29T23:30:32.426532+00:00 | user_registered | actor=de0d12fa-3024-4c39-9e15-7ccadf67796b | target=de0d12fa-3024-4c39-9e15-7ccadf67796b | email=test_6ff4d157@example.com
2026-04-29T23:30:32.484679+00:00 | login_success | actor=de0d12fa-3024-4c39-9e15-7ccadf67796b | target=de0d12fa-3024-4c39-9e15-7ccadf67796b | email=test_6ff4d157@example.com
2026-04-29T23:30:32.564987+00:00 | user_registered | actor=021234a7-8e79-493e-9f76-60eb05c86e6d | target=021234a7-8e79-493e-9f76-60eb05c86e6d | email=other_152e4a2a@example.com
2026-04-29T23:30:32.622260+00:00 | login_success | actor=021234a7-8e79-493e-9f76-60eb05c86e6d | target=021234a7-8e79-493e-9f76-60eb05c86e6d | email=other_152e4a2a@example.com
2026-04-29T23:30:32.705024+00:00 | user_registered | actor=664447b2-6293-4863-a032-d099ee981d38 | target=664447b2-6293-4863-a032-d099ee981d38 | email=test_d085481a@example.com
2026-04-29T23:30:32.764255+00:00 | login_success | actor=664447b2-6293-4863-a032-d099ee981d38 | target=664447b2-6293-4863-a032-d099ee981d38 | email=test_d085481a@example.com
2026-04-29T23:30:32.843660+00:00 | user_registered | actor=3d77011d-2327-448b-85ab-2bce4e474236 | target=3d77011d-2327-448b-85ab-2bce4e474236 | email=test_f29ad766@example.com
2026-04-29T23:30:32.903003+00:00 | login_success | actor=3d77011d-2327-448b-85ab-2bce4e474236 | target=3d77011d-2327-448b-85ab-2bce4e474236 | email=test_f29ad766@example.com
2026-04-29T23:30:32.983978+00:00 | user_registered | actor=b0f7ba51-f426-4c56-8271-ccdc24622488 | target=b0f7ba51-f426-4c56-8271-ccdc24622488 | email=test_4b6f392d@example.com
2026-04-29T23:30:33.056543+00:00 | login_success | actor=b0f7ba51-f426-4c56-8271-ccdc24622488 | target=b0f7ba51-f426-4c56-8271-ccdc24622488 | email=test_4b6f392d@example.com
2026-04-29T23:30:33.171774+00:00 | user_registered | actor=720cc8d5-56ec-43f5-8bc9-f5235e64189a | target=720cc8d5-56ec-43f5-8bc9-f5235e64189a | email=test_023af9a0@example.com
2026-04-29T23:30:33.242365+00:00 | login_success | actor=720cc8d5-56ec-43f5-8bc9-f5235e64189a | target=720cc8d5-56ec-43f5-8bc9-f5235e64189a | email=test_023af9a0@example.com
2026-04-29T23:30:33.361408+00:00 | user_registered | actor=5536635f-18e9-48c4-99f3-746d077e4651 | target=5536635f-18e9-48c4-99f3-746d077e4651 | email=test_d2e1377a@example.com
2026-04-29T23:30:33.426456+00:00 | login_success | actor=5536635f-18e9-48c4-99f3-746d077e4651 | target=5536635f-18e9-48c4-99f3-746d077e4651 | email=test_d2e1377a@example.com
2026-04-29T23:30:33.492260+00:00 | user_registered | actor=1341c417-a14e-4832-9e58-bf23ef506bac | target=1341c417-a14e-4832-9e58-bf23ef506bac | email=test_c9e0d79d@example.com
2026-04-29T23:30:33.550647+00:00 | login_success | actor=1341c417-a14e-4832-9e58-bf23ef506bac | target=1341c417-a14e-4832-9e58-bf23ef506bac | email=test_c9e0d79d@example.com
2026-04-29T23:30:33.633682+00:00 | user_registered | actor=dd15e1b7-a02a-49c9-b1dd-82f7cc58acab | target=dd15e1b7-a02a-49c9-b1dd-82f7cc58acab | email=test_4e81ebd9@example.com
2026-04-29T23:30:33.690563+00:00 | login_success | actor=dd15e1b7-a02a-49c9-b1dd-82f7cc58acab | target=dd15e1b7-a02a-49c9-b1dd-82f7cc58acab | email=test_4e81ebd9@example.com
2026-04-29T23:31:44.332028+00:00 | user_registered | actor=fb20afe1-2dc9-403c-ad53-2a6831d88917 | target=fb20afe1-2dc9-403c-ad53-2a6831d88917 | email=test_bfab619a@example.com
2026-04-29T23:31:44.404514+00:00 | login_success | actor=fb20afe1-2dc9-403c-ad53-2a6831d88917 | target=fb20afe1-2dc9-403c-ad53-2a6831d88917 | email=test_bfab619a@example.com
2026-04-29T23:31:44.507625+00:00 | user_registered | actor=82c9b8ee-008c-42c3-857f-558a838659a5 | target=82c9b8ee-008c-42c3-857f-558a838659a5 | email=test_385af6d5@example.com
2026-04-29T23:31:44.649451+00:00 | user_registered | actor=37020bc3-df7c-4119-ab17-a2e4e460a9f2 | target=37020bc3-df7c-4119-ab17-a2e4e460a9f2 | email=test_56ba740b@example.com
2026-04-29T23:31:44.707625+00:00 | login_success | actor=37020bc3-df7c-4119-ab17-a2e4e460a9f2 | target=37020bc3-df7c-4119-ab17-a2e4e460a9f2 | email=test_56ba740b@example.com
2026-04-29T23:31:44.809478+00:00 | user_registered | actor=a4e57b64-84e8-4083-ba47-36f3ae4946e5 | target=a4e57b64-84e8-4083-ba47-36f3ae4946e5 | email=test_ec3eae7b@example.com
2026-04-29T23:31:44.880476+00:00 | user_registered | actor=ff2246f4-4977-415d-b513-617c203af185 | target=ff2246f4-4977-415d-b513-617c203af185 | email=test_29ac4f2b@example.com
2026-04-29T23:31:45.030521+00:00 | user_registered | actor=17d43352-33b4-461c-be09-c03683ca3fdb | target=17d43352-33b4-461c-be09-c03683ca3fdb | email=test_8f126beb@example.com
2026-04-29T23:31:45.094327+00:00 | login_success | actor=17d43352-33b4-461c-be09-c03683ca3fdb | target=17d43352-33b4-461c-be09-c03683ca3fdb | email=test_8f126beb@example.com
2026-04-29T23:31:45.168668+00:00 | user_registered | actor=9ee5b703-1727-46fe-8aaa-feac29d002c5 | target=9ee5b703-1727-46fe-8aaa-feac29d002c5 | email=user_8d291239@example.com
2026-04-29T23:31:45.253772+00:00 | user_registered | actor=edee5d49-afc2-4104-aa80-762e2ce19484 | target=edee5d49-afc2-4104-aa80-762e2ce19484 | email=test_1107c173@example.com
2026-04-29T23:31:45.315637+00:00 | login_success | actor=edee5d49-afc2-4104-aa80-762e2ce19484 | target=edee5d49-afc2-4104-aa80-762e2ce19484 | email=test_1107c173@example.com
2026-04-29T23:31:45.388181+00:00 | user_registered | actor=0e675e0d-05b6-4908-a3c9-537c00eacae6 | target=0e675e0d-05b6-4908-a3c9-537c00eacae6 | email=user_caccbcc0@example.com
2026-04-29T23:31:45.460900+00:00 | login_success | actor=0e675e0d-05b6-4908-a3c9-537c00eacae6 | target=0e675e0d-05b6-4908-a3c9-537c00eacae6 | email=user_caccbcc0@example.com
2026-04-29T23:31:45.538976+00:00 | user_registered | actor=d0650383-c476-4ca0-8511-f9687ab5bd49 | target=d0650383-c476-4ca0-8511-f9687ab5bd49 | email=test_c2e62e79@example.com
2026-04-29T23:31:45.599234+00:00 | login_success | actor=d0650383-c476-4ca0-8511-f9687ab5bd49 | target=d0650383-c476-4ca0-8511-f9687ab5bd49 | email=test_c2e62e79@example.com
2026-04-29T23:31:45.667038+00:00 | user_registered | actor=c6789526-bf1d-42a6-acfd-abee00356f6b | target=c6789526-bf1d-42a6-acfd-abee00356f6b | email=user_cd7e61ff@example.com
2026-04-29T23:31:45.747601+00:00 | user_registered | actor=61f7c800-d252-49d8-9287-531ac2d79abc | target=61f7c800-d252-49d8-9287-531ac2d79abc | email=test_142e0bb3@example.com
2026-04-29T23:31:45.809428+00:00 | login_success | actor=61f7c800-d252-49d8-9287-531ac2d79abc | target=61f7c800-d252-49d8-9287-531ac2d79abc | email=test_142e0bb3@example.com
2026-04-29T23:31:45.873482+00:00 | user_registered | actor=fb9d4915-79c3-463f-b858-894f1689c769 | target=fb9d4915-79c3-463f-b858-894f1689c769 | email=user_c47f169e@example.com
2026-04-29T23:31:45.958788+00:00 | user_registered | actor=fc8e162f-ed11-42a7-82e7-5e7682420bdb | target=fc8e162f-ed11-42a7-82e7-5e7682420bdb | email=test_fd000d3e@example.com
2026-04-29T23:31:46.022609+00:00 | login_success | actor=fc8e162f-ed11-42a7-82e7-5e7682420bdb | target=fc8e162f-ed11-42a7-82e7-5e7682420bdb | email=test_fd000d3e@example.com
2026-04-29T23:31:46.113430+00:00 | user_registered | actor=1f0e2415-f9ec-459f-b243-21a4d0486211 | target=1f0e2415-f9ec-459f-b243-21a4d0486211 | email=test_1eef040f@example.com
2026-04-29T23:31:46.178632+00:00 | login_success | actor=1f0e2415-f9ec-459f-b243-21a4d0486211 | target=1f0e2415-f9ec-459f-b243-21a4d0486211 | email=test_1eef040f@example.com
2026-04-29T23:31:46.254593+00:00 | user_registered | actor=704b9c42-28f8-448f-bb94-d38809fcffca | target=704b9c42-28f8-448f-bb94-d38809fcffca | email=user_8766cd80@example.com
2026-04-29T23:31:46.335884+00:00 | user_registered | actor=ffc08192-199e-4e29-a553-87f4996253b3 | target=ffc08192-199e-4e29-a553-87f4996253b3 | email=test_b799a1bf@example.com
2026-04-29T23:31:46.399902+00:00 | login_success | actor=ffc08192-199e-4e29-a553-87f4996253b3 | target=ffc08192-199e-4e29-a553-87f4996253b3 | email=test_b799a1bf@example.com
2026-04-29T23:31:46.465977+00:00 | user_registered | actor=db7712d7-1ba1-449b-83aa-f4ad9bef9507 | target=db7712d7-1ba1-449b-83aa-f4ad9bef9507 | email=user_38c41b15@example.com
2026-04-29T23:31:46.545840+00:00 | user_registered | actor=3805653c-a87f-4981-ba87-88ffb72424cf | target=3805653c-a87f-4981-ba87-88ffb72424cf | email=test_76cb5793@example.com
2026-04-29T23:31:46.606695+00:00 | login_success | actor=3805653c-a87f-4981-ba87-88ffb72424cf | target=3805653c-a87f-4981-ba87-88ffb72424cf | email=test_76cb5793@example.com
2026-04-29T23:31:46.671787+00:00 | user_registered | actor=0099c477-0ba9-4362-94ed-c42367d924cf | target=0099c477-0ba9-4362-94ed-c42367d924cf | email=user_de7ce3e5@example.com
2026-04-29T23:31:46.753556+00:00 | user_registered | actor=22dacc50-38a0-4afe-a50a-750f03c776c8 | target=22dacc50-38a0-4afe-a50a-750f03c776c8 | email=test_8b744707@example.com
2026-04-29T23:31:46.814274+00:00 | login_success | actor=22dacc50-38a0-4afe-a50a-750f03c776c8 | target=22dacc50-38a0-4afe-a50a-750f03c776c8 | email=test_8b744707@example.com
2026-04-29T23:31:46.882920+00:00 | user_registered | actor=01ef0e47-ce72-4db5-abc7-6844e781e379 | target=01ef0e47-ce72-4db5-abc7-6844e781e379 | email=user_350c4214@example.com
2026-04-29T23:31:46.972512+00:00 | user_registered | actor=2e0d5bc0-f805-4a55-9976-606bae29a3bd | target=2e0d5bc0-f805-4a55-9976-606bae29a3bd | email=test_f216c98f@example.com
2026-04-29T23:31:47.037901+00:00 | login_success | actor=2e0d5bc0-f805-4a55-9976-606bae29a3bd | target=2e0d5bc0-f805-4a55-9976-606bae29a3bd | email=test_f216c98f@example.com
2026-04-29T23:31:47.102867+00:00 | user_registered | actor=cf12e5a5-9832-49d0-a6ff-e1d0f9658256 | target=cf12e5a5-9832-49d0-a6ff-e1d0f9658256 | email=user_114427bf@example.com
2026-04-29T23:31:47.183981+00:00 | user_registered | actor=7afbcae8-d3b4-4daf-b0a8-addc19923e1e | target=7afbcae8-d3b4-4daf-b0a8-addc19923e1e | email=test_3bb26026@example.com
2026-04-29T23:31:47.249592+00:00 | login_success | actor=7afbcae8-d3b4-4daf-b0a8-addc19923e1e | target=7afbcae8-d3b4-4daf-b0a8-addc19923e1e | email=test_3bb26026@example.com
2026-04-29T23:31:47.331392+00:00 | user_registered | actor=e73f7a63-e0fb-4034-8269-49b1ae983fcf | target=e73f7a63-e0fb-4034-8269-49b1ae983fcf | email=test_a14dbfe4@example.com
2026-04-29T23:31:47.398109+00:00 | login_success | actor=e73f7a63-e0fb-4034-8269-49b1ae983fcf | target=e73f7a63-e0fb-4034-8269-49b1ae983fcf | email=test_a14dbfe4@example.com
2026-04-29T23:31:47.487201+00:00 | user_registered | actor=516044d8-c24f-4f68-a440-8a45d1ffedf2 | target=516044d8-c24f-4f68-a440-8a45d1ffedf2 | email=test_2f3bd373@example.com
2026-04-29T23:31:47.550812+00:00 | login_success | actor=516044d8-c24f-4f68-a440-8a45d1ffedf2 | target=516044d8-c24f-4f68-a440-8a45d1ffedf2 | email=test_2f3bd373@example.com
2026-04-29T23:31:47.625467+00:00 | user_registered | actor=482589d6-03bb-43d3-9f60-6fbba2b3ed5d | target=482589d6-03bb-43d3-9f60-6fbba2b3ed5d | email=test_a1aa2c21@example.com
2026-04-29T23:31:47.685014+00:00 | login_success | actor=482589d6-03bb-43d3-9f60-6fbba2b3ed5d | target=482589d6-03bb-43d3-9f60-6fbba2b3ed5d | email=test_a1aa2c21@example.com
2026-04-29T23:31:47.793798+00:00 | user_registered | actor=3ed11f15-8e1a-4255-94b1-bb2a43f38be8 | target=3ed11f15-8e1a-4255-94b1-bb2a43f38be8 | email=test_0159dacf@example.com
2026-04-29T23:31:47.859622+00:00 | login_success | actor=3ed11f15-8e1a-4255-94b1-bb2a43f38be8 | target=3ed11f15-8e1a-4255-94b1-bb2a43f38be8 | email=test_0159dacf@example.com
2026-04-29T23:31:47.950982+00:00 | user_registered | actor=9b73e4e3-35c4-4713-95d0-7f0922f4c9d8 | target=9b73e4e3-35c4-4713-95d0-7f0922f4c9d8 | email=test_59a93e81@example.com
2026-04-29T23:31:48.016201+00:00 | login_success | actor=9b73e4e3-35c4-4713-95d0-7f0922f4c9d8 | target=9b73e4e3-35c4-4713-95d0-7f0922f4c9d8 | email=test_59a93e81@example.com
2026-04-29T23:31:48.107093+00:00 | user_registered | actor=ea9d3c20-12bf-4600-9bac-c0a2e4754092 | target=ea9d3c20-12bf-4600-9bac-c0a2e4754092 | email=test_52a35635@example.com
2026-04-29T23:31:48.167225+00:00 | login_success | actor=ea9d3c20-12bf-4600-9bac-c0a2e4754092 | target=ea9d3c20-12bf-4600-9bac-c0a2e4754092 | email=test_52a35635@example.com
2026-04-29T23:31:48.277067+00:00 | user_registered | actor=bbba60a2-412e-458b-8743-2f7181fbb14b | target=bbba60a2-412e-458b-8743-2f7181fbb14b | email=test_6471da53@example.com
2026-04-29T23:31:48.338547+00:00 | login_success | actor=bbba60a2-412e-458b-8743-2f7181fbb14b | target=bbba60a2-412e-458b-8743-2f7181fbb14b | email=test_6471da53@example.com
2026-04-29T23:31:48.425492+00:00 | user_registered | actor=a2c827ab-70ae-45e9-ab64-bdb6225b73a3 | target=a2c827ab-70ae-45e9-ab64-bdb6225b73a3 | email=test_9cddfb45@example.com
2026-04-29T23:31:48.489243+00:00 | login_success | actor=a2c827ab-70ae-45e9-ab64-bdb6225b73a3 | target=a2c827ab-70ae-45e9-ab64-bdb6225b73a3 | email=test_9cddfb45@example.com
2026-04-29T23:31:48.565234+00:00 | user_registered | actor=7311ec1b-ea60-4ffe-96a5-8a9add676011 | target=7311ec1b-ea60-4ffe-96a5-8a9add676011 | email=test_12a81026@example.com
2026-04-29T23:31:48.625209+00:00 | login_success | actor=7311ec1b-ea60-4ffe-96a5-8a9add676011 | target=7311ec1b-ea60-4ffe-96a5-8a9add676011 | email=test_12a81026@example.com
2026-04-29T23:31:48.685571+00:00 | user_registered | actor=1a9147e8-4b27-4dea-a047-d43b09504b5b | target=1a9147e8-4b27-4dea-a047-d43b09504b5b | email=other_d8147b33@example.com
2026-04-29T23:31:48.752264+00:00 | login_success | actor=1a9147e8-4b27-4dea-a047-d43b09504b5b | target=1a9147e8-4b27-4dea-a047-d43b09504b5b | email=other_d8147b33@example.com
2026-04-29T23:31:48.832401+00:00 | user_registered | actor=45095dc6-34b7-4149-b5b3-a74621b6486f | target=45095dc6-34b7-4149-b5b3-a74621b6486f | email=test_8835c3af@example.com
2026-04-29T23:31:48.891736+00:00 | login_success | actor=45095dc6-34b7-4149-b5b3-a74621b6486f | target=45095dc6-34b7-4149-b5b3-a74621b6486f | email=test_8835c3af@example.com
2026-04-29T23:31:48.953004+00:00 | user_registered | actor=96809b85-cc08-44d2-8d44-d57e9a5f8098 | target=96809b85-cc08-44d2-8d44-d57e9a5f8098 | email=other_38de81db@example.com
2026-04-29T23:31:49.013029+00:00 | login_success | actor=96809b85-cc08-44d2-8d44-d57e9a5f8098 | target=96809b85-cc08-44d2-8d44-d57e9a5f8098 | email=other_38de81db@example.com
2026-04-29T23:31:49.090184+00:00 | user_registered | actor=7b8832cf-3c68-4e16-a5ed-11d995711303 | target=7b8832cf-3c68-4e16-a5ed-11d995711303 | email=test_12861544@example.com
2026-04-29T23:31:49.152409+00:00 | login_success | actor=7b8832cf-3c68-4e16-a5ed-11d995711303 | target=7b8832cf-3c68-4e16-a5ed-11d995711303 | email=test_12861544@example.com
2026-04-29T23:31:49.219587+00:00 | user_registered | actor=52fa68e7-da1b-4e9d-b261-1aa6999f80d0 | target=52fa68e7-da1b-4e9d-b261-1aa6999f80d0 | email=other_1c806b2b@example.com
2026-04-29T23:31:49.284918+00:00 | login_success | actor=52fa68e7-da1b-4e9d-b261-1aa6999f80d0 | target=52fa68e7-da1b-4e9d-b261-1aa6999f80d0 | email=other_1c806b2b@example.com
2026-04-29T23:31:49.372129+00:00 | user_registered | actor=f8d61249-7eba-4a5f-b076-43d5a5fc9dec | target=f8d61249-7eba-4a5f-b076-43d5a5fc9dec | email=test_e9cea131@example.com
2026-04-29T23:31:49.436411+00:00 | login_success | actor=f8d61249-7eba-4a5f-b076-43d5a5fc9dec | target=f8d61249-7eba-4a5f-b076-43d5a5fc9dec | email=test_e9cea131@example.com
2026-04-29T23:31:49.497425+00:00 | user_registered | actor=f6799976-4a10-494b-a9e0-1eac54f4cf06 | target=f6799976-4a10-494b-a9e0-1eac54f4cf06 | email=other_0514a21a@example.com
2026-04-29T23:31:49.562975+00:00 | login_success | actor=f6799976-4a10-494b-a9e0-1eac54f4cf06 | target=f6799976-4a10-494b-a9e0-1eac54f4cf06 | email=other_0514a21a@example.com
2026-04-29T23:31:49.650452+00:00 | user_registered | actor=c0d1fe69-14e8-4cd5-b6f6-35fa8f5e815f | target=c0d1fe69-14e8-4cd5-b6f6-35fa8f5e815f | email=test_21fc89ec@example.com
2026-04-29T23:31:49.710316+00:00 | login_success | actor=c0d1fe69-14e8-4cd5-b6f6-35fa8f5e815f | target=c0d1fe69-14e8-4cd5-b6f6-35fa8f5e815f | email=test_21fc89ec@example.com
2026-04-29T23:31:49.769399+00:00 | user_registered | actor=b898df81-e074-44ac-b24e-472897007f57 | target=b898df81-e074-44ac-b24e-472897007f57 | email=other_e1ae788c@example.com
2026-04-29T23:31:49.833388+00:00 | login_success | actor=b898df81-e074-44ac-b24e-472897007f57 | target=b898df81-e074-44ac-b24e-472897007f57 | email=other_e1ae788c@example.com
2026-04-29T23:31:49.911852+00:00 | user_registered | actor=4e2e76b6-44cc-4f64-86b6-1df59e6677d2 | target=4e2e76b6-44cc-4f64-86b6-1df59e6677d2 | email=test_a661f868@example.com
2026-04-29T23:31:49.973368+00:00 | login_success | actor=4e2e76b6-44cc-4f64-86b6-1df59e6677d2 | target=4e2e76b6-44cc-4f64-86b6-1df59e6677d2 | email=test_a661f868@example.com
2026-04-29T23:31:50.030782+00:00 | user_registered | actor=5ad4d71a-32f2-4128-bf33-7b147a4ab8cb | target=5ad4d71a-32f2-4128-bf33-7b147a4ab8cb | email=other_4d120655@example.com
2026-04-29T23:31:50.090061+00:00 | login_success | actor=5ad4d71a-32f2-4128-bf33-7b147a4ab8cb | target=5ad4d71a-32f2-4128-bf33-7b147a4ab8cb | email=other_4d120655@example.com
2026-04-29T23:31:50.175809+00:00 | user_registered | actor=73614f43-3c6e-4ae1-a4f7-04b6c713515f | target=73614f43-3c6e-4ae1-a4f7-04b6c713515f | email=test_16f9f73b@example.com
2026-04-29T23:31:50.240457+00:00 | login_success | actor=73614f43-3c6e-4ae1-a4f7-04b6c713515f | target=73614f43-3c6e-4ae1-a4f7-04b6c713515f | email=test_16f9f73b@example.com
2026-04-29T23:31:50.303765+00:00 | user_registered | actor=f9766c85-3ea5-4b9f-b573-f58f74b24fd3 | target=f9766c85-3ea5-4b9f-b573-f58f74b24fd3 | email=other_983e5670@example.com
2026-04-29T23:31:50.363354+00:00 | login_success | actor=f9766c85-3ea5-4b9f-b573-f58f74b24fd3 | target=f9766c85-3ea5-4b9f-b573-f58f74b24fd3 | email=other_983e5670@example.com
2026-04-29T23:31:50.448507+00:00 | user_registered | actor=2839aa6c-03a9-4f8b-b6c8-83d163144867 | target=2839aa6c-03a9-4f8b-b6c8-83d163144867 | email=test_47313488@example.com
2026-04-29T23:31:50.514839+00:00 | login_success | actor=2839aa6c-03a9-4f8b-b6c8-83d163144867 | target=2839aa6c-03a9-4f8b-b6c8-83d163144867 | email=test_47313488@example.com
2026-04-29T23:31:50.585454+00:00 | user_registered | actor=0541dfa4-a121-46b8-b5ec-3bc52d34c462 | target=0541dfa4-a121-46b8-b5ec-3bc52d34c462 | email=other_76d2105a@example.com
2026-04-29T23:31:50.667247+00:00 | login_success | actor=0541dfa4-a121-46b8-b5ec-3bc52d34c462 | target=0541dfa4-a121-46b8-b5ec-3bc52d34c462 | email=other_76d2105a@example.com
2026-04-29T23:31:50.811565+00:00 | user_registered | actor=48bae0c3-bac6-4dbb-b052-13da3dd5ea1d | target=48bae0c3-bac6-4dbb-b052-13da3dd5ea1d | email=test_3599fe73@example.com
2026-04-29T23:31:50.912835+00:00 | login_success | actor=48bae0c3-bac6-4dbb-b052-13da3dd5ea1d | target=48bae0c3-bac6-4dbb-b052-13da3dd5ea1d | email=test_3599fe73@example.com
2026-04-29T23:31:50.988224+00:00 | user_registered | actor=de6dbf59-6cc3-444c-afa9-a5f19e25d75b | target=de6dbf59-6cc3-444c-afa9-a5f19e25d75b | email=other_5f6231b6@example.com
2026-04-29T23:31:51.058283+00:00 | login_success | actor=de6dbf59-6cc3-444c-afa9-a5f19e25d75b | target=de6dbf59-6cc3-444c-afa9-a5f19e25d75b | email=other_5f6231b6@example.com
2026-04-29T23:31:51.154394+00:00 | user_registered | actor=801ecaec-392f-4297-b90a-81862b1a0777 | target=801ecaec-392f-4297-b90a-81862b1a0777 | email=test_a698732e@example.com
2026-04-29T23:31:51.224526+00:00 | login_success | actor=801ecaec-392f-4297-b90a-81862b1a0777 | target=801ecaec-392f-4297-b90a-81862b1a0777 | email=test_a698732e@example.com
2026-04-29T23:31:51.293081+00:00 | user_registered | actor=2805c2dd-3725-4760-8e23-f50bc129da93 | target=2805c2dd-3725-4760-8e23-f50bc129da93 | email=other_33aef540@example.com
2026-04-29T23:31:51.369034+00:00 | login_success | actor=2805c2dd-3725-4760-8e23-f50bc129da93 | target=2805c2dd-3725-4760-8e23-f50bc129da93 | email=other_33aef540@example.com
2026-04-29T23:31:51.455136+00:00 | user_registered | actor=b3a4f6cf-571c-4cc3-9fdd-89350ecddb4e | target=b3a4f6cf-571c-4cc3-9fdd-89350ecddb4e | email=test_d324adc5@example.com
2026-04-29T23:31:51.519089+00:00 | login_success | actor=b3a4f6cf-571c-4cc3-9fdd-89350ecddb4e | target=b3a4f6cf-571c-4cc3-9fdd-89350ecddb4e | email=test_d324adc5@example.com
2026-04-29T23:31:51.577278+00:00 | user_registered | actor=c3fe9df5-ef71-4389-8eaa-fe3f1100a72a | target=c3fe9df5-ef71-4389-8eaa-fe3f1100a72a | email=other_c7bd7aee@example.com
2026-04-29T23:31:51.635028+00:00 | login_success | actor=c3fe9df5-ef71-4389-8eaa-fe3f1100a72a | target=c3fe9df5-ef71-4389-8eaa-fe3f1100a72a | email=other_c7bd7aee@example.com
2026-04-29T23:31:51.724587+00:00 | user_registered | actor=8dce06cd-e6dd-4009-b411-28e1718d5559 | target=8dce06cd-e6dd-4009-b411-28e1718d5559 | email=test_e6a5b122@example.com
2026-04-29T23:31:51.818190+00:00 | login_success | actor=8dce06cd-e6dd-4009-b411-28e1718d5559 | target=8dce06cd-e6dd-4009-b411-28e1718d5559 | email=test_e6a5b122@example.com
2026-04-29T23:31:51.876147+00:00 | user_registered | actor=def7b1e8-d72c-4bb1-bde0-55c42bb726a4 | target=def7b1e8-d72c-4bb1-bde0-55c42bb726a4 | email=other_999dd0b4@example.com
2026-04-29T23:31:51.933024+00:00 | login_success | actor=def7b1e8-d72c-4bb1-bde0-55c42bb726a4 | target=def7b1e8-d72c-4bb1-bde0-55c42bb726a4 | email=other_999dd0b4@example.com
2026-04-29T23:31:52.013063+00:00 | user_registered | actor=9bc03d63-29a6-4207-a992-d1d04886fb02 | target=9bc03d63-29a6-4207-a992-d1d04886fb02 | email=test_cb6ca478@example.com
2026-04-29T23:31:52.070579+00:00 | login_success | actor=9bc03d63-29a6-4207-a992-d1d04886fb02 | target=9bc03d63-29a6-4207-a992-d1d04886fb02 | email=test_cb6ca478@example.com
2026-04-29T23:31:52.124398+00:00 | user_registered | actor=a5e66959-b07b-4913-b2fe-31017e52280f | target=a5e66959-b07b-4913-b2fe-31017e52280f | email=other_92671e9b@example.com
2026-04-29T23:31:52.183233+00:00 | login_success | actor=a5e66959-b07b-4913-b2fe-31017e52280f | target=a5e66959-b07b-4913-b2fe-31017e52280f | email=other_92671e9b@example.com
2026-04-29T23:31:52.259337+00:00 | user_registered | actor=00b34ca1-3f6b-4efa-a6fc-4328115f0393 | target=00b34ca1-3f6b-4efa-a6fc-4328115f0393 | email=test_d9e9b86c@example.com
2026-04-29T23:31:52.317861+00:00 | login_success | actor=00b34ca1-3f6b-4efa-a6fc-4328115f0393 | target=00b34ca1-3f6b-4efa-a6fc-4328115f0393 | email=test_d9e9b86c@example.com
2026-04-29T23:31:52.401689+00:00 | user_registered | actor=724733ab-8e9a-448f-a8d8-dc1139be8fff | target=724733ab-8e9a-448f-a8d8-dc1139be8fff | email=test_1c6b7ceb@example.com
2026-04-29T23:31:52.470209+00:00 | login_success | actor=724733ab-8e9a-448f-a8d8-dc1139be8fff | target=724733ab-8e9a-448f-a8d8-dc1139be8fff | email=test_1c6b7ceb@example.com
2026-04-29T23:31:52.553978+00:00 | user_registered | actor=8c0bf51e-0518-4bda-a5ed-aa9832bea0e9 | target=8c0bf51e-0518-4bda-a5ed-aa9832bea0e9 | email=test_1c189423@example.com
2026-04-29T23:31:52.614406+00:00 | login_success | actor=8c0bf51e-0518-4bda-a5ed-aa9832bea0e9 | target=8c0bf51e-0518-4bda-a5ed-aa9832bea0e9 | email=test_1c189423@example.com
2026-04-29T23:31:52.719569+00:00 | user_registered | actor=c972e20e-e1b9-4ba2-a923-d260a398013d | target=c972e20e-e1b9-4ba2-a923-d260a398013d | email=test_b2634a1f@example.com
2026-04-29T23:31:52.783337+00:00 | login_success | actor=c972e20e-e1b9-4ba2-a923-d260a398013d | target=c972e20e-e1b9-4ba2-a923-d260a398013d | email=test_b2634a1f@example.com
2026-04-29T23:31:52.873183+00:00 | user_registered | actor=1889fc8c-a276-4a9d-92d7-0ef2cf8f039f | target=1889fc8c-a276-4a9d-92d7-0ef2cf8f039f | email=test_8c8adbca@example.com
2026-04-29T23:31:52.938304+00:00 | login_success | actor=1889fc8c-a276-4a9d-92d7-0ef2cf8f039f | target=1889fc8c-a276-4a9d-92d7-0ef2cf8f039f | email=test_8c8adbca@example.com
2026-04-29T23:31:53.014851+00:00 | user_registered | actor=448210b6-fc5a-43a2-ba51-167ee4d55dc7 | target=448210b6-fc5a-43a2-ba51-167ee4d55dc7 | email=test_20b695d3@example.com
2026-04-29T23:31:53.076733+00:00 | login_success | actor=448210b6-fc5a-43a2-ba51-167ee4d55dc7 | target=448210b6-fc5a-43a2-ba51-167ee4d55dc7 | email=test_20b695d3@example.com
2026-04-29T23:31:53.174566+00:00 | user_registered | actor=a68a3e0a-569c-4818-8737-f24414f6fb02 | target=a68a3e0a-569c-4818-8737-f24414f6fb02 | email=test_2ba998ad@example.com
2026-04-29T23:31:53.230801+00:00 | login_success | actor=a68a3e0a-569c-4818-8737-f24414f6fb02 | target=a68a3e0a-569c-4818-8737-f24414f6fb02 | email=test_2ba998ad@example.com
2026-04-30T00:03:30.372983+00:00 | register_success | actor=7d304656-cd8a-45d4-80f3-99fd3851933f | target=test_895e9e47@example.com | ip=testclient
2026-04-30T00:03:31.185223+00:00 | register_success | actor=2345a373-4444-4983-966b-65d3ee902844 | target=test_254cfc72@example.com | ip=testclient
2026-04-30T00:03:31.336039+00:00 | register_success | actor=15575c23-8933-49f8-95f0-07c6989a799a | target=test_8bf8980f@example.com | ip=testclient
2026-04-30T00:03:31.745983+00:00 | register_success | actor=56f50cb8-dc0f-4bc1-ba9a-900a1d7bbd23 | target=test_3be8542a@example.com | ip=testclient
2026-04-30T00:03:31.811372+00:00 | register_success | actor=5c9ae542-4336-491c-8fda-95496f6bc791 | target=test_cce16ff4@example.com | ip=testclient
2026-04-30T00:03:31.927304+00:00 | register_success | actor=626ce7b9-7a90-481f-bae0-a146ab91b00d | target=test_d7826170@example.com | ip=testclient
2026-04-30T00:03:32.324656+00:00 | register_success | actor=082f6b8b-0095-4a58-bded-845dbc3c5526 | target=test_fc982131@example.com | ip=testclient
2026-04-30T00:03:32.714042+00:00 | register_success | actor=d1bdaa22-f2cf-4857-9f63-c92375bfd568 | target=test_4739ba44@example.com | ip=testclient
2026-04-30T00:03:33.136825+00:00 | register_success | actor=86abea2d-6a96-44f9-a434-1a438c0a963d | target=test_9ac7ec67@example.com | ip=testclient
2026-04-30T00:03:33.517499+00:00 | register_success | actor=3c8abc53-94fd-48f0-aa74-f027635efed8 | target=test_98fe2efe@example.com | ip=testclient
2026-04-30T00:03:33.917663+00:00 | register_success | actor=04cca499-aad2-4aa6-9606-be37ce8be3be | target=test_2bf1041c@example.com | ip=testclient
2026-04-30T00:03:34.308964+00:00 | register_success | actor=4569e9ab-2ab4-4209-9b0f-c9916b237c21 | target=test_66e4537e@example.com | ip=testclient
2026-04-30T00:03:34.697892+00:00 | register_success | actor=7f907a86-4b8e-45ce-9b00-541f711791eb | target=test_5620ce91@example.com | ip=testclient
2026-04-30T00:03:35.098925+00:00 | register_success | actor=e5f55908-fa2a-4887-98dc-a6124501176b | target=test_fd27f32e@example.com | ip=testclient
2026-04-30T00:03:35.532225+00:00 | register_success | actor=29a47486-c71f-43ec-bbfc-389b7ad6a699 | target=test_b5ef3307@example.com | ip=testclient
2026-04-30T00:03:35.939537+00:00 | register_success | actor=3a318774-c088-4bc2-a329-297921abcad1 | target=test_d04cd1da@example.com | ip=testclient
2026-04-30T00:03:36.326333+00:00 | register_success | actor=dc69061b-7baf-4c01-8661-7f90160ef684 | target=test_61efd26b@example.com | ip=testclient
2026-04-30T00:03:36.781582+00:00 | register_success | actor=f4eb779a-8388-48c4-a7d9-3673345b9f68 | target=test_56e33dc7@example.com | ip=testclient
2026-04-30T00:03:37.160943+00:00 | register_success | actor=1108291b-c095-4c9d-b3c2-b68c325ea827 | target=test_427f755c@example.com | ip=testclient
2026-04-30T00:03:37.592634+00:00 | register_success | actor=15603eb5-cc45-4906-86cc-26bed791cb95 | target=test_b50e024e@example.com | ip=testclient
2026-04-30T00:03:37.975907+00:00 | register_success | actor=20566dbc-b8b9-4bf4-95a6-1bdc880b3512 | target=test_d64e3751@example.com | ip=testclient
2026-04-30T00:03:38.428086+00:00 | register_success | actor=801d0c86-5964-4937-830a-b10c2d257d12 | target=test_76721db9@example.com | ip=testclient
2026-04-30T00:03:38.838195+00:00 | register_success | actor=eca53922-6393-4653-99bc-adadf1a862e9 | target=test_1f674761@example.com | ip=testclient
2026-04-30T00:03:39.225227+00:00 | register_success | actor=a71f2310-786b-4b29-87c5-b9d2a15027bb | target=test_5ff3b8b2@example.com | ip=testclient
2026-04-30T00:03:39.642227+00:00 | register_success | actor=6a9cf79f-d842-4922-aafc-fa878dd7879d | target=test_2234994a@example.com | ip=testclient
2026-04-30T00:03:40.030447+00:00 | register_success | actor=52dfa349-758c-40fc-a99b-6eb6cb01c249 | target=test_ef6a1560@example.com | ip=testclient
2026-04-30T00:03:40.440823+00:00 | register_success | actor=59ee15e5-d7a7-4eb0-aa70-0c9a6d6e7e6d | target=test_863a02af@example.com | ip=testclient
2026-04-30T00:03:40.824365+00:00 | register_success | actor=1247ebb6-0190-424a-8e83-a70c80b1a5f7 | target=test_8ac03a7a@example.com | ip=testclient
2026-04-30T00:03:41.212195+00:00 | register_success | actor=81124747-f961-4f6c-8196-bb7b7c8734ec | target=test_51635c43@example.com | ip=testclient
2026-04-30T00:03:41.611108+00:00 | register_success | actor=9c465d60-60fc-40cb-9a58-253550e6cd75 | target=test_ec8342b7@example.com | ip=testclient
2026-04-30T00:03:42.016411+00:00 | register_success | actor=01a5a838-1603-4700-80c7-1aa599fc124c | target=test_b91f2079@example.com | ip=testclient
2026-04-30T00:03:42.413484+00:00 | register_success | actor=f507e580-9d5a-46e4-acd2-946c717d939d | target=test_60278098@example.com | ip=testclient
2026-04-30T00:03:42.801056+00:00 | register_success | actor=30d5c943-643f-4c84-bde8-e15d0cdd3faf | target=test_ffae158f@example.com | ip=testclient
2026-04-30T00:03:43.197963+00:00 | register_success | actor=3930e2d5-9fa3-4469-8196-ed2fca8495cf | target=test_c6b84c6b@example.com | ip=testclient
2026-04-30T00:03:43.593532+00:00 | register_success | actor=85b23fab-9866-43dd-87ec-8c3d6dc0e929 | target=test_b4e0ae28@example.com | ip=testclient
2026-04-30T00:03:43.988514+00:00 | register_success | actor=f2226d7d-5aa9-4fe2-af0c-aa2b7912b798 | target=test_9ccf2759@example.com | ip=testclient
2026-04-30T00:03:44.381235+00:00 | register_success | actor=9e9b71b7-6caa-4ffd-84bc-55997778f931 | target=test_51c74ed3@example.com | ip=testclient
2026-04-30T00:03:44.768586+00:00 | register_success | actor=75d2f111-eb3b-4718-be2e-ccf41a4cd581 | target=test_c7de4618@example.com | ip=testclient
2026-04-30T00:03:45.201908+00:00 | register_success | actor=9ed44a4f-8c4b-447f-b6f5-0ba816b538c8 | target=test_345032c8@example.com | ip=testclient
2026-04-30T00:03:45.609885+00:00 | register_success | actor=82a45ac6-3cb8-4125-9c95-fa38c324f630 | target=test_902b1547@example.com | ip=testclient
2026-04-30T00:03:46.038036+00:00 | register_success | actor=af1e49c5-6aef-417d-b7d3-e3c1e1ceecac | target=test_bf231913@example.com | ip=testclient
2026-04-30T00:03:46.441605+00:00 | register_success | actor=922d6baa-aceb-461a-950a-5662ddac7af5 | target=test_0d384e8f@example.com | ip=testclient
2026-04-30T00:03:46.847519+00:00 | register_success | actor=cd52ac7c-f43e-411f-a7a9-7fb127eabd7c | target=test_240792ed@example.com | ip=testclient
2026-04-30T00:03:47.241897+00:00 | register_success | actor=6f7dcfc5-d26c-4564-979f-ca0d1ecc6803 | target=test_d04756ec@example.com | ip=testclient
2026-04-30T00:05:51.715086+00:00 | register_success | actor=cad22dd2-a798-4de9-bdc3-f95e5ab47804 | target=test_41782630@example.com | ip=testclient
2026-04-30T00:05:52.460371+00:00 | register_success | actor=31391d21-dba0-48d7-a23a-8ca0bbd20807 | target=test_571c620b@example.com | ip=testclient
2026-04-30T00:05:52.597529+00:00 | register_success | actor=939f1e2d-2b5a-4d22-a2ed-f33d0f1f9d12 | target=test_a966bca8@example.com | ip=testclient
2026-04-30T00:05:53.141209+00:00 | register_success | actor=9b3a6a88-584d-405f-b11d-d4e4eb2a4ef1 | target=test_f88a5a8f@example.com | ip=testclient
2026-04-30T00:05:53.225004+00:00 | register_success | actor=4bd3c1ba-ffd8-4eb1-8ef0-f0a509b328d2 | target=test_9fcab7d3@example.com | ip=testclient
2026-04-30T00:05:53.336737+00:00 | register_success | actor=d3939afa-1186-4438-a365-2a680199ab8b | target=test_2f2414f7@example.com | ip=testclient
2026-04-30T00:05:53.938483+00:00 | register_success | actor=e836e066-e84d-4afc-b576-7150bb9ebc15 | target=test_e8540f42@example.com | ip=testclient
2026-04-30T00:05:54.465757+00:00 | register_success | actor=00e88210-b735-498a-a57f-278c8e39f4c1 | target=test_95d890e4@example.com | ip=testclient
2026-04-30T00:05:55.020920+00:00 | register_success | actor=c2f3a307-6e48-4668-8117-3af0daa7b759 | target=test_56df08c9@example.com | ip=testclient
2026-04-30T00:05:55.474126+00:00 | register_success | actor=e287e23e-69a2-41a7-a711-c4e13a45ae6d | target=test_e5a4d5b6@example.com | ip=testclient
2026-04-30T00:05:55.996674+00:00 | register_success | actor=8f826e74-c86e-4714-9e3b-de2827d9ac61 | target=test_50035458@example.com | ip=testclient
2026-04-30T00:05:56.690098+00:00 | register_success | actor=2964c23b-2908-43f8-aa52-5d19b0ac751f | target=test_05cc73bc@example.com | ip=testclient
2026-04-30T00:05:57.107144+00:00 | register_success | actor=1df31c9c-3706-42e1-873c-a9c295e9a8c9 | target=test_99bf581d@example.com | ip=testclient
2026-04-30T00:05:57.576787+00:00 | register_success | actor=e6204fb4-ce74-4b47-8f2e-e25be9bccd43 | target=test_542374a0@example.com | ip=testclient
2026-04-30T00:05:58.064941+00:00 | register_success | actor=e43eeb8c-3646-4d23-acb0-bbc966755c17 | target=test_24cf1351@example.com | ip=testclient
2026-04-30T00:05:58.647984+00:00 | register_success | actor=478b3c2b-998f-498d-92c9-5aa6a80fc1a1 | target=test_199c581c@example.com | ip=testclient
2026-04-30T00:05:59.118615+00:00 | register_success | actor=35c36a44-7a01-4685-924e-b461b65a6b77 | target=test_bc741718@example.com | ip=testclient
2026-04-30T00:05:59.605409+00:00 | register_success | actor=b83a76fb-aa81-4a20-98d0-a313706763fa | target=test_e50fd6d2@example.com | ip=testclient
2026-04-30T00:06:00.041698+00:00 | register_success | actor=5463d389-3707-459c-a296-5ffa8898f0f6 | target=test_d31ccaf3@example.com | ip=testclient
2026-04-30T00:06:00.671472+00:00 | register_success | actor=ca1f58d5-e30d-4ce5-aefc-87dff13b7a5a | target=test_0cfeba22@example.com | ip=testclient
2026-04-30T00:06:01.119589+00:00 | register_success | actor=b6305ef0-d303-4440-9b0b-da534306e652 | target=test_a03c3d29@example.com | ip=testclient
2026-04-30T00:06:01.589384+00:00 | register_success | actor=e4ec3c3b-760f-4ada-b164-de866f277197 | target=test_5c0eb778@example.com | ip=testclient
2026-04-30T00:06:02.041579+00:00 | register_success | actor=6ea06a3b-d14b-45ae-8198-ed38aa1b8000 | target=test_da9ff1ea@example.com | ip=testclient
2026-04-30T00:06:02.470652+00:00 | register_success | actor=3e1319ed-7df9-43e2-b645-086d7173bf9f | target=test_1e5b9c47@example.com | ip=testclient
2026-04-30T00:06:03.021270+00:00 | register_success | actor=c5406e49-286b-43d2-b514-f3522898843f | target=test_80df52c4@example.com | ip=testclient
2026-04-30T00:06:03.542852+00:00 | register_success | actor=79ae8909-5390-41c9-8da3-8a1b54a9072a | target=test_396a8f38@example.com | ip=testclient
2026-04-30T00:06:03.990468+00:00 | register_success | actor=924dc692-3da6-4b0c-a4bb-496d61626715 | target=test_fabd655a@example.com | ip=testclient
2026-04-30T00:06:04.544531+00:00 | register_success | actor=330f71f4-9eba-47be-89a7-3c75ed8917d4 | target=test_b7dc0d5b@example.com | ip=testclient
2026-04-30T00:06:05.105865+00:00 | register_success | actor=83b98703-77a7-4898-9c65-8a8e5d6907e9 | target=test_eff4d5e2@example.com | ip=testclient
2026-04-30T00:06:05.526791+00:00 | register_success | actor=97c1ef82-6d20-45a8-9b42-7a8cdb29ad00 | target=test_46cb81c2@example.com | ip=testclient
2026-04-30T00:06:05.971384+00:00 | register_success | actor=304dc91b-c8ee-4b5f-acda-c21d840f00ab | target=test_a6bc3347@example.com | ip=testclient
2026-04-30T00:06:06.475404+00:00 | register_success | actor=bcaa6aee-b870-4562-9fff-16be9a14c3dc | target=test_2e146eb5@example.com | ip=testclient
2026-04-30T00:06:06.968447+00:00 | register_success | actor=eb02c064-698e-4dbb-bff7-8df4dfad8710 | target=test_df723334@example.com | ip=testclient
2026-04-30T00:06:07.399269+00:00 | register_success | actor=c29faf9c-0d52-4ee1-9503-2e79878e9c92 | target=test_50f00756@example.com | ip=testclient
2026-04-30T00:06:07.794179+00:00 | register_success | actor=feea41a1-02be-4047-a633-2208f1252556 | target=test_c04a7a3a@example.com | ip=testclient
2026-04-30T00:06:08.357523+00:00 | register_success | actor=93bab1d6-40e3-412b-867d-e3f7f0ad9282 | target=test_63ba54a3@example.com | ip=testclient
2026-04-30T00:06:08.744768+00:00 | register_success | actor=384f529c-be60-4bbf-96c9-7072ce3365a5 | target=test_2ae1ab40@example.com | ip=testclient
2026-04-30T00:06:09.143454+00:00 | register_success | actor=661f27b1-2df1-47d8-aa5a-ff725add3ee5 | target=test_5bb7f933@example.com | ip=testclient
2026-04-30T00:06:09.533772+00:00 | register_success | actor=89e4ca83-9502-4000-bff0-8ded4b4cc810 | target=test_1dfdb41e@example.com | ip=testclient
2026-04-30T00:06:09.942569+00:00 | register_success | actor=35769833-0446-4bfc-97a3-f5157cc12b3c | target=test_7c6abea7@example.com | ip=testclient
2026-04-30T00:06:10.352213+00:00 | register_success | actor=e8904cc9-6625-44db-9fab-eddeaa9bf00b | target=test_9b0494d2@example.com | ip=testclient
2026-04-30T00:06:10.760529+00:00 | register_success | actor=d09edbe7-9970-4787-a968-2b56776db84a | target=test_7e0b38aa@example.com | ip=testclient
2026-04-30T00:06:11.233573+00:00 | register_success | actor=e6896839-8200-47eb-8ca1-7acb3fd79e60 | target=test_38fe7195@example.com | ip=testclient
2026-04-30T00:06:11.701794+00:00 | register_success | actor=cee12d97-299b-404b-9294-aba407c9164b | target=test_ef3c52a3@example.com | ip=testclient
2026-04-30T00:09:02.875841+00:00 | register_success | actor=d93435a6-d983-4c7c-94b7-d6154a114f4b | target=test_f74ea422@example.com | ip=testclient
2026-04-30T00:09:02.930491+00:00 | login_success | actor=d93435a6-d983-4c7c-94b7-d6154a114f4b | target=test_f74ea422@example.com | ip=testclient
2026-04-30T00:09:03.018186+00:00 | register_success | actor=f2579594-956f-4073-a560-437f91a1de6c | target=test_d5e326f6@example.com | ip=testclient
2026-04-30T00:09:03.138288+00:00 | register_success | actor=fd7c61a8-935e-4142-8a16-5664296ca869 | target=test_e946aedd@example.com | ip=testclient
2026-04-30T00:09:03.194572+00:00 | login_success | actor=fd7c61a8-935e-4142-8a16-5664296ca869 | target=test_e946aedd@example.com | ip=testclient
2026-04-30T00:09:03.286117+00:00 | register_success | actor=a2725043-654b-436b-9c87-9dba054be275 | target=test_3db32976@example.com | ip=testclient
2026-04-30T00:09:03.345204+00:00 | register_success | actor=60d6ca59-bbde-40ec-842e-8609ce5c6c62 | target=test_12cd35a9@example.com | ip=testclient
2026-04-30T00:09:03.441718+00:00 | register_success | actor=c13eaab6-65e2-483e-8fa4-2aa4d1f9f13f | target=test_b593a330@example.com | ip=testclient
2026-04-30T00:09:03.493134+00:00 | login_success | actor=c13eaab6-65e2-483e-8fa4-2aa4d1f9f13f | target=test_b593a330@example.com | ip=testclient
2026-04-30T00:09:03.560157+00:00 | register_success | actor=24d270d4-5aed-423c-bb7a-5155de1c4e22 | target=user_d035ddab@example.com | ip=testclient
2026-04-30T00:09:03.628315+00:00 | register_success | actor=4fea0a17-ad73-4082-a842-58873df55d29 | target=test_842c4409@example.com | ip=testclient
2026-04-30T00:09:03.678652+00:00 | login_success | actor=4fea0a17-ad73-4082-a842-58873df55d29 | target=test_842c4409@example.com | ip=testclient
2026-04-30T00:09:03.737342+00:00 | register_success | actor=fcc2554e-2b63-457b-9512-58ccc63d1f59 | target=user_f990ff2f@example.com | ip=testclient
2026-04-30T00:09:03.791986+00:00 | login_success | actor=fcc2554e-2b63-457b-9512-58ccc63d1f59 | target=user_f990ff2f@example.com | ip=testclient
2026-04-30T00:09:03.856636+00:00 | register_success | actor=81f6664a-6c79-4628-8c36-794b348e9812 | target=test_9cb3851c@example.com | ip=testclient
2026-04-30T00:09:03.911330+00:00 | login_success | actor=81f6664a-6c79-4628-8c36-794b348e9812 | target=test_9cb3851c@example.com | ip=testclient
2026-04-30T00:09:03.968763+00:00 | register_success | actor=722fa1a0-73a9-4ba2-929b-2779725a26c4 | target=user_0e8424f3@example.com | ip=testclient
2026-04-30T00:09:04.033736+00:00 | register_success | actor=0f040bf2-4107-44b3-ad0f-374e2591c81f | target=test_66c68159@example.com | ip=testclient
2026-04-30T00:09:04.083640+00:00 | login_success | actor=0f040bf2-4107-44b3-ad0f-374e2591c81f | target=test_66c68159@example.com | ip=testclient
2026-04-30T00:09:04.140826+00:00 | register_success | actor=66801467-f75a-4ecb-858d-2745772b46ae | target=user_4ba95292@example.com | ip=testclient
2026-04-30T00:09:04.211851+00:00 | register_success | actor=741edc17-e4e7-413a-bccf-1af805d825af | target=test_aaed11de@example.com | ip=testclient
2026-04-30T00:09:04.261981+00:00 | login_success | actor=741edc17-e4e7-413a-bccf-1af805d825af | target=test_aaed11de@example.com | ip=testclient
2026-04-30T00:09:04.337691+00:00 | register_success | actor=cd6a63da-6545-4243-8423-9c690a28fd01 | target=test_5c74f936@example.com | ip=testclient
2026-04-30T00:09:04.391323+00:00 | login_success | actor=cd6a63da-6545-4243-8423-9c690a28fd01 | target=test_5c74f936@example.com | ip=testclient
2026-04-30T00:09:04.449394+00:00 | register_success | actor=16a10a09-77a2-4d78-9dfc-c47bbe6c438e | target=user_b1baa3b0@example.com | ip=testclient
2026-04-30T00:09:04.519099+00:00 | register_success | actor=033483e9-8791-4c27-9f32-d6628ee3f59e | target=test_6defc6e5@example.com | ip=testclient
2026-04-30T00:09:04.572899+00:00 | login_success | actor=033483e9-8791-4c27-9f32-d6628ee3f59e | target=test_6defc6e5@example.com | ip=testclient
2026-04-30T00:09:04.634334+00:00 | register_success | actor=a707382a-54ca-425e-a29c-19707c85eb3d | target=user_2142f79f@example.com | ip=testclient
2026-04-30T00:09:04.710491+00:00 | register_success | actor=5c38ec5c-e977-4383-a468-066aef587f6f | target=test_2c028575@example.com | ip=testclient
2026-04-30T00:09:04.762675+00:00 | login_success | actor=5c38ec5c-e977-4383-a468-066aef587f6f | target=test_2c028575@example.com | ip=testclient
2026-04-30T00:09:04.816485+00:00 | register_success | actor=19fd5cc8-04e3-4c95-82a0-edcaeaa85566 | target=user_e0ce53f7@example.com | ip=testclient
2026-04-30T00:09:04.888071+00:00 | register_success | actor=24ea29a9-1334-485e-8b6a-83b225ab54ac | target=test_b66523b8@example.com | ip=testclient
2026-04-30T00:09:04.941299+00:00 | login_success | actor=24ea29a9-1334-485e-8b6a-83b225ab54ac | target=test_b66523b8@example.com | ip=testclient
2026-04-30T00:09:04.996693+00:00 | register_success | actor=a40560ae-e774-4cbd-a6e7-f1802348cc58 | target=user_7def0613@example.com | ip=testclient
2026-04-30T00:09:05.075773+00:00 | register_success | actor=4dbf9ee2-97ba-4b0c-8247-5d7ede423829 | target=test_bf3e6174@example.com | ip=testclient
2026-04-30T00:09:05.125244+00:00 | login_success | actor=4dbf9ee2-97ba-4b0c-8247-5d7ede423829 | target=test_bf3e6174@example.com | ip=testclient
2026-04-30T00:09:05.178912+00:00 | register_success | actor=b598fa43-2642-4b96-beea-d65ad1b14aaa | target=user_d04bfad3@example.com | ip=testclient
2026-04-30T00:09:05.240783+00:00 | register_success | actor=678bb220-df63-4e2e-a1ac-fc0aadd7f18b | target=test_39eee4f1@example.com | ip=testclient
2026-04-30T00:09:05.295478+00:00 | login_success | actor=678bb220-df63-4e2e-a1ac-fc0aadd7f18b | target=test_39eee4f1@example.com | ip=testclient
2026-04-30T00:09:05.385195+00:00 | register_success | actor=8659a0f8-d348-44c1-aadc-5ba2ec3e7ba8 | target=test_2fb0957b@example.com | ip=testclient
2026-04-30T00:09:05.456316+00:00 | login_success | actor=8659a0f8-d348-44c1-aadc-5ba2ec3e7ba8 | target=test_2fb0957b@example.com | ip=testclient
2026-04-30T00:09:05.567238+00:00 | register_success | actor=8f5d7dad-1e06-4aa5-a01c-90b5d1b40cf1 | target=test_5036f099@example.com | ip=testclient
2026-04-30T00:09:05.641273+00:00 | login_success | actor=8f5d7dad-1e06-4aa5-a01c-90b5d1b40cf1 | target=test_5036f099@example.com | ip=testclient
2026-04-30T00:09:05.709416+00:00 | register_success | actor=6f5ab468-da61-4001-b79f-252b44cc4f56 | target=test_b639ef11@example.com | ip=testclient
2026-04-30T00:09:05.761533+00:00 | login_success | actor=6f5ab468-da61-4001-b79f-252b44cc4f56 | target=test_b639ef11@example.com | ip=testclient
2026-04-30T00:09:05.853850+00:00 | register_success | actor=1c3ed4e5-9fa0-44c1-901d-fb5fdbc0eb17 | target=test_b98cd3ba@example.com | ip=testclient
2026-04-30T00:09:05.934333+00:00 | login_success | actor=1c3ed4e5-9fa0-44c1-901d-fb5fdbc0eb17 | target=test_b98cd3ba@example.com | ip=testclient
2026-04-30T00:09:06.024170+00:00 | register_success | actor=43070837-a5c5-41ed-95b3-2195e8f0a3c8 | target=test_afa506ac@example.com | ip=testclient
2026-04-30T00:09:06.078698+00:00 | login_success | actor=43070837-a5c5-41ed-95b3-2195e8f0a3c8 | target=test_afa506ac@example.com | ip=testclient
2026-04-30T00:09:06.159217+00:00 | register_success | actor=73707f79-d53b-4930-942d-c900cd814590 | target=test_6f3806fc@example.com | ip=testclient
2026-04-30T00:09:06.217609+00:00 | login_success | actor=73707f79-d53b-4930-942d-c900cd814590 | target=test_6f3806fc@example.com | ip=testclient
2026-04-30T00:09:06.334504+00:00 | register_success | actor=b21d1507-5956-4c95-adbf-cb32221462e7 | target=test_765a8d6f@example.com | ip=testclient
2026-04-30T00:09:06.397746+00:00 | login_success | actor=b21d1507-5956-4c95-adbf-cb32221462e7 | target=test_765a8d6f@example.com | ip=testclient
2026-04-30T00:09:06.489707+00:00 | register_success | actor=97188486-a20a-49c6-bf31-295c2ff5d1c8 | target=test_2ba20651@example.com | ip=testclient
2026-04-30T00:09:06.554995+00:00 | login_success | actor=97188486-a20a-49c6-bf31-295c2ff5d1c8 | target=test_2ba20651@example.com | ip=testclient
2026-04-30T00:09:06.623154+00:00 | register_success | actor=1f948f90-31e8-4a9b-854f-132a5659af8c | target=test_62e9d6d1@example.com | ip=testclient
2026-04-30T00:09:06.682485+00:00 | login_success | actor=1f948f90-31e8-4a9b-854f-132a5659af8c | target=test_62e9d6d1@example.com | ip=testclient
2026-04-30T00:09:06.734990+00:00 | register_success | actor=ecb10e1e-9273-4ce4-8b8d-c4bfa6a0a3b6 | target=other_d9c8e4fb@example.com | ip=testclient
2026-04-30T00:09:06.795039+00:00 | login_success | actor=ecb10e1e-9273-4ce4-8b8d-c4bfa6a0a3b6 | target=other_d9c8e4fb@example.com | ip=testclient
2026-04-30T00:09:06.874483+00:00 | register_success | actor=bb6fe010-28d2-4f96-8b11-599fad748d8a | target=test_e2ac6061@example.com | ip=testclient
2026-04-30T00:09:06.972117+00:00 | login_success | actor=bb6fe010-28d2-4f96-8b11-599fad748d8a | target=test_e2ac6061@example.com | ip=testclient
2026-04-30T00:09:07.031099+00:00 | register_success | actor=d3c0070f-2377-40f1-b480-701c919f4e07 | target=other_6ac10280@example.com | ip=testclient
2026-04-30T00:09:07.086072+00:00 | login_success | actor=d3c0070f-2377-40f1-b480-701c919f4e07 | target=other_6ac10280@example.com | ip=testclient
2026-04-30T00:09:07.157784+00:00 | register_success | actor=18c9c495-6fbb-45fd-be3e-922bb38d1448 | target=test_a494468c@example.com | ip=testclient
2026-04-30T00:09:07.211335+00:00 | login_success | actor=18c9c495-6fbb-45fd-be3e-922bb38d1448 | target=test_a494468c@example.com | ip=testclient
2026-04-30T00:09:07.263491+00:00 | register_success | actor=1f19be7d-5b6b-4995-a91d-efe9ac41f4f4 | target=other_6b74e1ad@example.com | ip=testclient
2026-04-30T00:09:07.322938+00:00 | login_success | actor=1f19be7d-5b6b-4995-a91d-efe9ac41f4f4 | target=other_6b74e1ad@example.com | ip=testclient
2026-04-30T00:09:07.400024+00:00 | register_success | actor=4a2bdbfc-73b7-44a3-b807-39c32a0b7d41 | target=test_725e82b8@example.com | ip=testclient
2026-04-30T00:09:07.453388+00:00 | login_success | actor=4a2bdbfc-73b7-44a3-b807-39c32a0b7d41 | target=test_725e82b8@example.com | ip=testclient
2026-04-30T00:09:07.506731+00:00 | register_success | actor=d7bd8f4b-5c94-4d3b-9eb4-3c61c4ca8704 | target=other_bff05e29@example.com | ip=testclient
2026-04-30T00:09:07.558387+00:00 | login_success | actor=d7bd8f4b-5c94-4d3b-9eb4-3c61c4ca8704 | target=other_bff05e29@example.com | ip=testclient
2026-04-30T00:09:07.627065+00:00 | register_success | actor=42e80dc7-21f7-4e54-94f1-ffee9b32aa2c | target=test_fbb5e634@example.com | ip=testclient
2026-04-30T00:09:07.682483+00:00 | login_success | actor=42e80dc7-21f7-4e54-94f1-ffee9b32aa2c | target=test_fbb5e634@example.com | ip=testclient
2026-04-30T00:09:07.736456+00:00 | register_success | actor=0a20e978-cf7a-4082-bebc-d791ffa68a1a | target=other_18ee70b6@example.com | ip=testclient
2026-04-30T00:09:07.787872+00:00 | login_success | actor=0a20e978-cf7a-4082-bebc-d791ffa68a1a | target=other_18ee70b6@example.com | ip=testclient
2026-04-30T00:09:07.900780+00:00 | register_success | actor=e98544e9-1dd1-4351-a0d6-1f68c6a24cd3 | target=test_073b8583@example.com | ip=testclient
2026-04-30T00:09:07.960796+00:00 | login_success | actor=e98544e9-1dd1-4351-a0d6-1f68c6a24cd3 | target=test_073b8583@example.com | ip=testclient
2026-04-30T00:09:08.019693+00:00 | register_success | actor=2ffe41f8-dab9-4dd9-b7fc-ab34bcfa8400 | target=other_a9be90bc@example.com | ip=testclient
2026-04-30T00:09:08.076413+00:00 | login_success | actor=2ffe41f8-dab9-4dd9-b7fc-ab34bcfa8400 | target=other_a9be90bc@example.com | ip=testclient
2026-04-30T00:09:08.148923+00:00 | register_success | actor=717c42bd-0b6c-42eb-9cff-4350cafe6a6a | target=test_e9129b2d@example.com | ip=testclient
2026-04-30T00:09:08.208591+00:00 | login_success | actor=717c42bd-0b6c-42eb-9cff-4350cafe6a6a | target=test_e9129b2d@example.com | ip=testclient
2026-04-30T00:09:08.262762+00:00 | register_success | actor=17b00ccc-1900-46ad-808c-613c15035b8b | target=other_0a2eb6fb@example.com | ip=testclient
2026-04-30T00:09:08.340794+00:00 | login_success | actor=17b00ccc-1900-46ad-808c-613c15035b8b | target=other_0a2eb6fb@example.com | ip=testclient
2026-04-30T00:09:08.494426+00:00 | register_success | actor=6cd6415d-d5ee-4983-a294-8cda2d3ecaf3 | target=test_d0079137@example.com | ip=testclient
2026-04-30T00:09:08.559173+00:00 | login_success | actor=6cd6415d-d5ee-4983-a294-8cda2d3ecaf3 | target=test_d0079137@example.com | ip=testclient
2026-04-30T00:09:08.630607+00:00 | register_success | actor=98783bf8-5dd1-432c-914a-ed70bf99dcfd | target=other_cb8d23df@example.com | ip=testclient
2026-04-30T00:09:08.697475+00:00 | login_success | actor=98783bf8-5dd1-432c-914a-ed70bf99dcfd | target=other_cb8d23df@example.com | ip=testclient
2026-04-30T00:09:08.781541+00:00 | register_success | actor=ecddd89a-727b-40ff-bcf6-34f4951adc27 | target=test_656f1b11@example.com | ip=testclient
2026-04-30T00:09:08.852869+00:00 | login_success | actor=ecddd89a-727b-40ff-bcf6-34f4951adc27 | target=test_656f1b11@example.com | ip=testclient
2026-04-30T00:09:08.909343+00:00 | register_success | actor=d75a97fd-d88c-4908-bdb2-63cd3d03e6f7 | target=other_9c5ce5fe@example.com | ip=testclient
2026-04-30T00:09:08.980560+00:00 | login_success | actor=d75a97fd-d88c-4908-bdb2-63cd3d03e6f7 | target=other_9c5ce5fe@example.com | ip=testclient
2026-04-30T00:09:09.058832+00:00 | register_success | actor=9e9a579d-e958-48f4-b338-2446e701fc8f | target=test_c8dd33dc@example.com | ip=testclient
2026-04-30T00:09:09.119447+00:00 | login_success | actor=9e9a579d-e958-48f4-b338-2446e701fc8f | target=test_c8dd33dc@example.com | ip=testclient
2026-04-30T00:09:09.177819+00:00 | register_success | actor=dc4d2760-d097-4c5f-83a1-b79a0ab240b2 | target=other_c6215fe2@example.com | ip=testclient
2026-04-30T00:09:09.238264+00:00 | login_success | actor=dc4d2760-d097-4c5f-83a1-b79a0ab240b2 | target=other_c6215fe2@example.com | ip=testclient
2026-04-30T00:09:09.318009+00:00 | register_success | actor=79401af4-ea48-468f-bfe8-02056de8a4c9 | target=test_874f89db@example.com | ip=testclient
2026-04-30T00:09:09.372677+00:00 | login_success | actor=79401af4-ea48-468f-bfe8-02056de8a4c9 | target=test_874f89db@example.com | ip=testclient
2026-04-30T00:09:09.424179+00:00 | register_success | actor=f2cace3e-53d4-427c-b85a-0d357a7ae7db | target=other_d3ba4b0b@example.com | ip=testclient
2026-04-30T00:09:09.475945+00:00 | login_success | actor=f2cace3e-53d4-427c-b85a-0d357a7ae7db | target=other_d3ba4b0b@example.com | ip=testclient
2026-04-30T00:09:09.549926+00:00 | register_success | actor=7a30731a-0759-41f4-ab6d-7667a4f8d2b0 | target=test_c785275c@example.com | ip=testclient
2026-04-30T00:09:09.602093+00:00 | login_success | actor=7a30731a-0759-41f4-ab6d-7667a4f8d2b0 | target=test_c785275c@example.com | ip=testclient
2026-04-30T00:09:09.678434+00:00 | register_success | actor=3c22a4d2-5a96-4bd5-aea2-c3b7e063890f | target=other_fc030171@example.com | ip=testclient
2026-04-30T00:09:09.749658+00:00 | login_success | actor=3c22a4d2-5a96-4bd5-aea2-c3b7e063890f | target=other_fc030171@example.com | ip=testclient
2026-04-30T00:09:09.834001+00:00 | register_success | actor=cf471c91-be1c-471a-b74a-0cf97e797b94 | target=test_fa678525@example.com | ip=testclient
2026-04-30T00:09:09.891240+00:00 | login_success | actor=cf471c91-be1c-471a-b74a-0cf97e797b94 | target=test_fa678525@example.com | ip=testclient
2026-04-30T00:09:09.942471+00:00 | register_success | actor=99564cd3-d39c-4223-8ca2-799a5b15f32c | target=other_0dbfd887@example.com | ip=testclient
2026-04-30T00:09:10.040355+00:00 | login_success | actor=99564cd3-d39c-4223-8ca2-799a5b15f32c | target=other_0dbfd887@example.com | ip=testclient
2026-04-30T00:09:10.114807+00:00 | register_success | actor=2a79c1fa-de30-47f4-b746-e64b910fad67 | target=test_1bad9271@example.com | ip=testclient
2026-04-30T00:09:10.171375+00:00 | login_success | actor=2a79c1fa-de30-47f4-b746-e64b910fad67 | target=test_1bad9271@example.com | ip=testclient
2026-04-30T00:09:10.246183+00:00 | register_success | actor=907ef834-40d0-4f6d-91a4-4f1227e6fb06 | target=test_8bb47250@example.com | ip=testclient
2026-04-30T00:09:10.304696+00:00 | login_success | actor=907ef834-40d0-4f6d-91a4-4f1227e6fb06 | target=test_8bb47250@example.com | ip=testclient
2026-04-30T00:09:10.384960+00:00 | register_success | actor=017470e5-2e48-4913-83c3-793f998c64e7 | target=test_876e994b@example.com | ip=testclient
2026-04-30T00:09:10.444945+00:00 | login_success | actor=017470e5-2e48-4913-83c3-793f998c64e7 | target=test_876e994b@example.com | ip=testclient
2026-04-30T00:09:10.576672+00:00 | register_success | actor=d7c52bb0-b0a6-4c28-bffa-43abe8dd79cc | target=test_671810df@example.com | ip=testclient
2026-04-30T00:09:10.639093+00:00 | login_success | actor=d7c52bb0-b0a6-4c28-bffa-43abe8dd79cc | target=test_671810df@example.com | ip=testclient
2026-04-30T00:09:10.728019+00:00 | register_success | actor=ff98902e-6fe1-4729-b971-190cd864e152 | target=test_9664bafd@example.com | ip=testclient
2026-04-30T00:09:10.783805+00:00 | login_success | actor=ff98902e-6fe1-4729-b971-190cd864e152 | target=test_9664bafd@example.com | ip=testclient
2026-04-30T00:09:10.857198+00:00 | register_success | actor=3448cd50-199a-421b-a1c8-6788edb0df36 | target=test_a8e6a8ec@example.com | ip=testclient
2026-04-30T00:09:10.916818+00:00 | login_success | actor=3448cd50-199a-421b-a1c8-6788edb0df36 | target=test_a8e6a8ec@example.com | ip=testclient
2026-04-30T00:09:11.000865+00:00 | register_success | actor=126554f0-751b-4fa4-bff5-a638ca3da5a2 | target=test_b2006872@example.com | ip=testclient
2026-04-30T00:09:11.051982+00:00 | login_success | actor=126554f0-751b-4fa4-bff5-a638ca3da5a2 | target=test_b2006872@example.com | ip=testclient
